!SESSION 2025-08-13 14:23:30.990 -----------------------------------------------
eclipse.buildId=4.33.0.20240905-0613
java.version=21.0.8
java.vendor=Eclipse Adoptium
BootLoader constants: OS=win32, ARCH=x86_64, WS=win32, NL=ko_KR
Framework arguments:  -product org.eclipse.epp.package.jee.product
Command-line arguments:  -os win32 -ws win32 -arch x86_64 -product org.eclipse.epp.package.jee.product

!ENTRY ch.qos.logback.classic 1 0 2025-08-13 14:23:34.423
!MESSAGE Activated before the state location was initialized. Retry after the state location is initialized.

!ENTRY org.eclipse.eclemma.core 4 0 2025-08-13 14:23:35.385
!MESSAGE FrameworkEvent ERROR
!STACK 0
org.osgi.framework.BundleException: Could not resolve module: org.eclipse.eclemma.core [323]
  Unresolved requirement: Require-Bundle: org.jacoco.core; bundle-version="[0.8.12,0.8.13)"
    -> Bundle-SymbolicName: org.jacoco.core; bundle-version="0.8.12.202403310830"
       org.jacoco.core [962]
         Unresolved requirement: Import-Package: org.objectweb.asm; version="[9.7.0,9.8.0)"
           -> Export-Package: org.objectweb.asm; bundle-symbolic-name="org.objectweb.asm"; bundle-version="9.7.1"; version="9.7.1"
              org.objectweb.asm [1053]
                No resolution report for the bundle.         Unresolved requirement: Import-Package: org.objectweb.asm.tree; version="[9.7.0,9.8.0)"
           -> Export-Package: org.objectweb.asm.tree; bundle-symbolic-name="org.objectweb.asm.tree"; bundle-version="9.7.1"; version="9.7.1"; uses:="org.objectweb.asm,org.objectweb.asm.signature"
              org.objectweb.asm.tree [1056]
                Unresolved requirement: Import-Package: org.objectweb.asm; version="9.7.1"
                  -> Export-Package: org.objectweb.asm; bundle-symbolic-name="org.objectweb.asm"; bundle-version="9.7.1"; version="9.7.1"
                Unresolved requirement: Import-Package: org.objectweb.asm.signature; version="9.7.1"
                  -> Export-Package: org.objectweb.asm.signature; bundle-symbolic-name="org.objectweb.asm"; bundle-version="9.7.1"; version="9.7.1"
  Unresolved requirement: Require-Bundle: org.jacoco.report; bundle-version="[0.8.12,0.8.13)"
    -> Bundle-SymbolicName: org.jacoco.report; bundle-version="0.8.12.202403310830"
       org.jacoco.report [963]
         Unresolved requirement: Import-Package: org.jacoco.core; version="[0.8.12,0.8.13)"
           -> Export-Package: org.jacoco.core; bundle-symbolic-name="org.jacoco.core"; bundle-version="0.8.12.202403310830"; version="0.8.12"
         Unresolved requirement: Import-Package: org.jacoco.core.analysis; version="[0.8.12,0.8.13)"
           -> Export-Package: org.jacoco.core.analysis; bundle-symbolic-name="org.jacoco.core"; bundle-version="0.8.12.202403310830"; version="0.8.12"; uses:="org.jacoco.core.data,org.jacoco.core.internal.analysis"
         Unresolved requirement: Import-Package: org.jacoco.core.data; version="[0.8.12,0.8.13)"
           -> Export-Package: org.jacoco.core.data; bundle-symbolic-name="org.jacoco.core"; bundle-version="0.8.12.202403310830"; version="0.8.12"; uses:="org.jacoco.core.internal.data"
         Unresolved requirement: Import-Package: org.jacoco.core.runtime; version="[0.8.12,0.8.13)"
           -> Export-Package: org.jacoco.core.runtime; bundle-symbolic-name="org.jacoco.core"; bundle-version="0.8.12.202403310830"; version="0.8.12"; uses:="org.jacoco.core.data,org.objectweb.asm"
         Unresolved requirement: Import-Package: org.objectweb.asm; version="[9.7.0,9.8.0)"
           -> Export-Package: org.objectweb.asm; bundle-symbolic-name="org.objectweb.asm"; bundle-version="9.7.1"; version="9.7.1"
  Unresolved requirement: Require-Bundle: org.jacoco.agent; bundle-version="[0.8.12,0.8.13)"
    -> Bundle-SymbolicName: org.jacoco.agent; bundle-version="0.8.12.202403310830"
       org.jacoco.agent [961]
         No resolution report for the bundle.  Bundle was not resolved because of a uses constraint violation.
  org.apache.felix.resolver.reason.ReasonException: Uses constraint violation. Unable to resolve resource org.jacoco.core [osgi.identity; type="osgi.bundle"; version:Version="0.8.12.202403310830"; osgi.identity="org.jacoco.core"] because it is exposed to package 'org.objectweb.asm' from resources org.objectweb.asm [osgi.identity; type="osgi.bundle"; version:Version="9.7.1"; osgi.identity="org.objectweb.asm"] and org.objectweb.asm [osgi.identity; type="osgi.bundle"; version:Version="9.8.0"; osgi.identity="org.objectweb.asm"] via two dependency chains.

Chain 1:
  org.jacoco.core [osgi.identity; type="osgi.bundle"; version:Version="0.8.12.202403310830"; osgi.identity="org.jacoco.core"]
    import: (&(osgi.wiring.package=org.objectweb.asm)(&(version>=9.7.0)(!(version>=9.8.0))))
     |
    export: osgi.wiring.package: org.objectweb.asm
  org.objectweb.asm [osgi.identity; type="osgi.bundle"; version:Version="9.7.1"; osgi.identity="org.objectweb.asm"]

Chain 2:
  org.jacoco.core [osgi.identity; type="osgi.bundle"; version:Version="0.8.12.202403310830"; osgi.identity="org.jacoco.core"]
    import: (&(osgi.wiring.package=org.objectweb.asm.commons)(&(version>=9.7.0)(!(version>=9.8.0))))
     |
    export: osgi.wiring.package=org.objectweb.asm.commons; uses:=org.objectweb.asm
  org.objectweb.asm.commons [osgi.identity; type="osgi.bundle"; version:Version="9.7.1"; osgi.identity="org.objectweb.asm.commons"]
    import: (&(osgi.wiring.package=org.objectweb.asm)(version>=9.7.1))
     |
    export: osgi.wiring.package: org.objectweb.asm
  org.objectweb.asm [osgi.identity; type="osgi.bundle"; version:Version="9.8.0"; osgi.identity="org.objectweb.asm"]
	at org.eclipse.osgi.container.Module.start(Module.java:493)
	at org.eclipse.osgi.container.ModuleContainer$ContainerStartLevel$2.run(ModuleContainer.java:2074)
	at org.eclipse.osgi.internal.framework.EquinoxContainerAdaptor$1$1.execute(EquinoxContainerAdaptor.java:143)
	at org.eclipse.osgi.container.ModuleContainer$ContainerStartLevel.incStartLevel(ModuleContainer.java:2065)
	at org.eclipse.osgi.container.ModuleContainer$ContainerStartLevel.incStartLevel(ModuleContainer.java:2005)
	at org.eclipse.osgi.container.ModuleContainer$ContainerStartLevel.doContainerStartLevel(ModuleContainer.java:1968)
	at org.eclipse.osgi.container.ModuleContainer$ContainerStartLevel.dispatchEvent(ModuleContainer.java:1884)
	at org.eclipse.osgi.container.ModuleContainer$ContainerStartLevel.dispatchEvent(ModuleContainer.java:1)
	at org.eclipse.osgi.framework.eventmgr.EventManager.dispatchEvent(EventManager.java:230)
	at org.eclipse.osgi.framework.eventmgr.EventManager$EventThread.run(EventManager.java:341)

!ENTRY org.eclipse.eclemma.ui 4 0 2025-08-13 14:23:35.403
!MESSAGE FrameworkEvent ERROR
!STACK 0
org.osgi.framework.BundleException: Could not resolve module: org.eclipse.eclemma.ui [325]
  Unresolved requirement: Require-Bundle: org.eclipse.eclemma.core
    -> Bundle-SymbolicName: org.eclipse.eclemma.core; bundle-version="3.1.9.202405260028"; singleton:="true"
       org.eclipse.eclemma.core [323]
         Unresolved requirement: Require-Bundle: org.jacoco.core; bundle-version="[0.8.12,0.8.13)"
           -> Bundle-SymbolicName: org.jacoco.core; bundle-version="0.8.12.202403310830"
              org.jacoco.core [962]
                Unresolved requirement: Import-Package: org.objectweb.asm; version="[9.7.0,9.8.0)"
                  -> Export-Package: org.objectweb.asm; bundle-symbolic-name="org.objectweb.asm"; bundle-version="9.7.1"; version="9.7.1"
                     org.objectweb.asm [1053]
                       No resolution report for the bundle.                Unresolved requirement: Import-Package: org.objectweb.asm.tree; version="[9.7.0,9.8.0)"
                  -> Export-Package: org.objectweb.asm.tree; bundle-symbolic-name="org.objectweb.asm.tree"; bundle-version="9.7.1"; version="9.7.1"; uses:="org.objectweb.asm,org.objectweb.asm.signature"
                     org.objectweb.asm.tree [1056]
                       Unresolved requirement: Import-Package: org.objectweb.asm; version="9.7.1"
                         -> Export-Package: org.objectweb.asm; bundle-symbolic-name="org.objectweb.asm"; bundle-version="9.7.1"; version="9.7.1"
                       Unresolved requirement: Import-Package: org.objectweb.asm.signature; version="9.7.1"
                         -> Export-Package: org.objectweb.asm.signature; bundle-symbolic-name="org.objectweb.asm"; bundle-version="9.7.1"; version="9.7.1"
         Unresolved requirement: Require-Bundle: org.jacoco.report; bundle-version="[0.8.12,0.8.13)"
           -> Bundle-SymbolicName: org.jacoco.report; bundle-version="0.8.12.202403310830"
              org.jacoco.report [963]
                Unresolved requirement: Import-Package: org.jacoco.core; version="[0.8.12,0.8.13)"
                  -> Export-Package: org.jacoco.core; bundle-symbolic-name="org.jacoco.core"; bundle-version="0.8.12.202403310830"; version="0.8.12"
                Unresolved requirement: Import-Package: org.jacoco.core.analysis; version="[0.8.12,0.8.13)"
                  -> Export-Package: org.jacoco.core.analysis; bundle-symbolic-name="org.jacoco.core"; bundle-version="0.8.12.202403310830"; version="0.8.12"; uses:="org.jacoco.core.data,org.jacoco.core.internal.analysis"
                Unresolved requirement: Import-Package: org.jacoco.core.data; version="[0.8.12,0.8.13)"
                  -> Export-Package: org.jacoco.core.data; bundle-symbolic-name="org.jacoco.core"; bundle-version="0.8.12.202403310830"; version="0.8.12"; uses:="org.jacoco.core.internal.data"
                Unresolved requirement: Import-Package: org.jacoco.core.runtime; version="[0.8.12,0.8.13)"
                  -> Export-Package: org.jacoco.core.runtime; bundle-symbolic-name="org.jacoco.core"; bundle-version="0.8.12.202403310830"; version="0.8.12"; uses:="org.jacoco.core.data,org.objectweb.asm"
                Unresolved requirement: Import-Package: org.objectweb.asm; version="[9.7.0,9.8.0)"
                  -> Export-Package: org.objectweb.asm; bundle-symbolic-name="org.objectweb.asm"; bundle-version="9.7.1"; version="9.7.1"
         Unresolved requirement: Require-Bundle: org.jacoco.agent; bundle-version="[0.8.12,0.8.13)"
           -> Bundle-SymbolicName: org.jacoco.agent; bundle-version="0.8.12.202403310830"
              org.jacoco.agent [961]
                No resolution report for the bundle.  Unresolved requirement: Require-Bundle: org.jacoco.core; bundle-version="[0.8.12,0.8.13)"
    -> Bundle-SymbolicName: org.jacoco.core; bundle-version="0.8.12.202403310830"
  Bundle was not resolved because of a uses constraint violation.
  org.apache.felix.resolver.reason.ReasonException: Uses constraint violation. Unable to resolve resource org.jacoco.core [osgi.identity; type="osgi.bundle"; version:Version="0.8.12.202403310830"; osgi.identity="org.jacoco.core"] because it is exposed to package 'org.objectweb.asm' from resources org.objectweb.asm [osgi.identity; type="osgi.bundle"; version:Version="9.7.1"; osgi.identity="org.objectweb.asm"] and org.objectweb.asm [osgi.identity; type="osgi.bundle"; version:Version="9.8.0"; osgi.identity="org.objectweb.asm"] via two dependency chains.

Chain 1:
  org.jacoco.core [osgi.identity; type="osgi.bundle"; version:Version="0.8.12.202403310830"; osgi.identity="org.jacoco.core"]
    import: (&(osgi.wiring.package=org.objectweb.asm)(&(version>=9.7.0)(!(version>=9.8.0))))
     |
    export: osgi.wiring.package: org.objectweb.asm
  org.objectweb.asm [osgi.identity; type="osgi.bundle"; version:Version="9.7.1"; osgi.identity="org.objectweb.asm"]

Chain 2:
  org.jacoco.core [osgi.identity; type="osgi.bundle"; version:Version="0.8.12.202403310830"; osgi.identity="org.jacoco.core"]
    import: (&(osgi.wiring.package=org.objectweb.asm.commons)(&(version>=9.7.0)(!(version>=9.8.0))))
     |
    export: osgi.wiring.package=org.objectweb.asm.commons; uses:=org.objectweb.asm
  org.objectweb.asm.commons [osgi.identity; type="osgi.bundle"; version:Version="9.7.1"; osgi.identity="org.objectweb.asm.commons"]
    import: (&(osgi.wiring.package=org.objectweb.asm)(version>=9.7.1))
     |
    export: osgi.wiring.package: org.objectweb.asm
  org.objectweb.asm [osgi.identity; type="osgi.bundle"; version:Version="9.8.0"; osgi.identity="org.objectweb.asm"]
	at org.eclipse.osgi.container.Module.start(Module.java:493)
	at org.eclipse.osgi.container.ModuleContainer$ContainerStartLevel$2.run(ModuleContainer.java:2074)
	at org.eclipse.osgi.internal.framework.EquinoxContainerAdaptor$1$1.execute(EquinoxContainerAdaptor.java:143)
	at org.eclipse.osgi.container.ModuleContainer$ContainerStartLevel.incStartLevel(ModuleContainer.java:2065)
	at org.eclipse.osgi.container.ModuleContainer$ContainerStartLevel.incStartLevel(ModuleContainer.java:2005)
	at org.eclipse.osgi.container.ModuleContainer$ContainerStartLevel.doContainerStartLevel(ModuleContainer.java:1968)
	at org.eclipse.osgi.container.ModuleContainer$ContainerStartLevel.dispatchEvent(ModuleContainer.java:1884)
	at org.eclipse.osgi.container.ModuleContainer$ContainerStartLevel.dispatchEvent(ModuleContainer.java:1)
	at org.eclipse.osgi.framework.eventmgr.EventManager.dispatchEvent(EventManager.java:230)
	at org.eclipse.osgi.framework.eventmgr.EventManager$EventThread.run(EventManager.java:341)

!ENTRY org.eclipse.equinox.app 0 0 2025-08-13 14:23:40.641
!MESSAGE Product org.eclipse.epp.package.jee.product could not be found.
