2025-08-21 16:13:47.773 - INFO: [logger.js:246:9] service loader called.
2025-08-21 16:13:47.784 - INFO: [logger.js:246:9] controller loader called.
2025-08-21 16:13:47.785 - DEBUG: [logger.js:246:9] external_loader called.
2025-08-21 16:13:47.785 - DEBUG: [logger.js:246:9] No external configuration.
2025-08-21 16:13:48.012 - INFO: [logger.js:246:9] Http Server started.
2025-08-21 16:13:48.013 - INFO: [logger.js:246:9] Base URL -> http://localhost:8001
2025-08-21 16:13:48.014 - INFO: [logger.js:246:9] Namespace -> ::_8001_20292
2025-08-21 16:13:48.016 - DEBUG: [logger.js:246:9] database SQL file loaded.
2025-08-21 16:34:45.167 - INFO: [logger.js:246:9] service loader called.
2025-08-21 16:34:45.181 - INFO: [logger.js:246:9] controller loader called.
2025-08-21 16:34:45.181 - DEBUG: [logger.js:246:9] external_loader called.
2025-08-21 16:34:45.181 - DEBUG: [logger.js:246:9] No external configuration.
2025-08-21 16:34:45.380 - INFO: [logger.js:246:9] Http Server started.
2025-08-21 16:34:45.381 - INFO: [logger.js:246:9] Base URL -> http://localhost:8001
2025-08-21 16:34:45.381 - INFO: [logger.js:246:9] Namespace -> ::_8001_14648
2025-08-21 16:34:45.383 - DEBUG: [logger.js:246:9] database SQL file loaded.
2025-08-21 16:48:20.726 - INFO: [logger.js:246:9] service loader called.
2025-08-21 16:48:20.738 - INFO: [logger.js:246:9] controller loader called.
2025-08-21 16:48:20.738 - DEBUG: [logger.js:246:9] external_loader called.
2025-08-21 16:48:20.738 - DEBUG: [logger.js:246:9] No external configuration.
2025-08-21 16:48:20.921 - INFO: [logger.js:246:9] Http Server started.
2025-08-21 16:48:20.922 - INFO: [logger.js:246:9] Base URL -> http://localhost:8001
2025-08-21 16:48:20.922 - INFO: [logger.js:246:9] Namespace -> ::_8001_15564
2025-08-21 16:48:20.925 - DEBUG: [logger.js:246:9] database SQL file loaded.
2025-08-21 16:48:23.455 - DEBUG: [logger.js:246:9] GET /person/list requested
2025-08-21 16:48:23.456 - DEBUG: [logger.js:246:9] PARAMS -> {}
2025-08-21 16:52:46.711 - DEBUG: [logger.js:246:9] GET /person/list requested
2025-08-21 16:52:46.712 - DEBUG: [logger.js:246:9] PARAMS -> {}
2025-08-21 16:52:47.713 - DEBUG: [logger.js:246:9] GET /person/list requested
2025-08-21 16:52:47.713 - DEBUG: [logger.js:246:9] PARAMS -> {}
2025-08-21 16:52:47.872 - DEBUG: [logger.js:246:9] GET /person/list requested
2025-08-21 16:52:47.872 - DEBUG: [logger.js:246:9] PARAMS -> {}
2025-08-21 16:52:51.568 - INFO: [logger.js:246:9] service loader called.
2025-08-21 16:52:51.580 - INFO: [logger.js:246:9] controller loader called.
2025-08-21 16:52:51.580 - DEBUG: [logger.js:246:9] external_loader called.
2025-08-21 16:52:51.582 - DEBUG: [logger.js:246:9] No external configuration.
2025-08-21 16:52:51.767 - INFO: [logger.js:246:9] Http Server started.
2025-08-21 16:52:51.768 - INFO: [logger.js:246:9] Base URL -> http://localhost:8001
2025-08-21 16:52:51.769 - INFO: [logger.js:246:9] Namespace -> ::_8001_4424
2025-08-21 16:52:51.771 - DEBUG: [logger.js:246:9] database SQL file loaded.
2025-08-21 16:52:53.465 - DEBUG: [logger.js:246:9] GET /person/list requested
2025-08-21 16:52:53.466 - DEBUG: [logger.js:246:9] PARAMS -> {}
2025-08-21 16:52:53.631 - DEBUG: [logger.js:246:9] GET /person/list requested
2025-08-21 16:52:53.631 - DEBUG: [logger.js:246:9] PARAMS -> {}
2025-08-21 16:52:54.839 - DEBUG: [logger.js:246:9] GET /person/list requested
2025-08-21 16:52:54.840 - DEBUG: [logger.js:246:9] PARAMS -> {}
2025-08-21 16:52:55.520 - DEBUG: [logger.js:246:9] GET /person/list requested
2025-08-21 16:52:55.520 - DEBUG: [logger.js:246:9] PARAMS -> {}
2025-08-21 16:52:55.919 - DEBUG: [logger.js:246:9] GET /person/list requested
2025-08-21 16:52:55.919 - DEBUG: [logger.js:246:9] PARAMS -> {}
2025-08-21 16:52:56.277 - DEBUG: [logger.js:246:9] GET /person/list requested
2025-08-21 16:52:56.278 - DEBUG: [logger.js:246:9] PARAMS -> {}
2025-08-21 16:52:56.469 - DEBUG: [logger.js:246:9] GET /person/list requested
2025-08-21 16:52:56.470 - DEBUG: [logger.js:246:9] PARAMS -> {}
2025-08-21 16:52:58.257 - DEBUG: [logger.js:246:9] GET /person/list requested
2025-08-21 16:52:58.257 - DEBUG: [logger.js:246:9] PARAMS -> {}
2025-08-21 16:52:58.455 - DEBUG: [logger.js:246:9] GET /person/list requested
2025-08-21 16:52:58.455 - DEBUG: [logger.js:246:9] PARAMS -> {}
2025-08-21 16:52:58.646 - DEBUG: [logger.js:246:9] GET /person/list requested
2025-08-21 16:52:58.647 - DEBUG: [logger.js:246:9] PARAMS -> {}
2025-08-21 16:52:58.821 - DEBUG: [logger.js:246:9] GET /person/list requested
2025-08-21 16:52:58.821 - DEBUG: [logger.js:246:9] PARAMS -> {}
2025-08-21 16:52:59.465 - DEBUG: [logger.js:246:9] GET /person/list requested
2025-08-21 16:52:59.467 - DEBUG: [logger.js:246:9] PARAMS -> {}
2025-08-21 16:52:59.630 - DEBUG: [logger.js:246:9] GET /person/list requested
2025-08-21 16:52:59.631 - DEBUG: [logger.js:246:9] PARAMS -> {}
2025-08-21 16:52:59.782 - DEBUG: [logger.js:246:9] GET /person/list requested
2025-08-21 16:52:59.782 - DEBUG: [logger.js:246:9] PARAMS -> {}
2025-08-21 16:53:01.814 - INFO: [logger.js:246:9] service loader called.
2025-08-21 16:53:01.826 - INFO: [logger.js:246:9] controller loader called.
2025-08-21 16:53:01.826 - DEBUG: [logger.js:246:9] external_loader called.
2025-08-21 16:53:01.827 - DEBUG: [logger.js:246:9] No external configuration.
2025-08-21 16:53:02.011 - INFO: [logger.js:246:9] Http Server started.
2025-08-21 16:53:02.011 - INFO: [logger.js:246:9] Base URL -> http://localhost:8001
2025-08-21 16:53:02.012 - INFO: [logger.js:246:9] Namespace -> ::_8001_13960
2025-08-21 16:53:02.014 - DEBUG: [logger.js:246:9] database SQL file loaded.
2025-08-21 16:53:06.155 - DEBUG: [logger.js:246:9] GET /person/list requested
2025-08-21 16:53:06.156 - DEBUG: [logger.js:246:9] PARAMS -> {}
2025-08-21 16:53:06.818 - DEBUG: [logger.js:246:9] GET /person/list requested
2025-08-21 16:53:06.819 - DEBUG: [logger.js:246:9] PARAMS -> {}
2025-08-21 16:53:06.969 - DEBUG: [logger.js:246:9] GET /person/list requested
2025-08-21 16:53:06.970 - DEBUG: [logger.js:246:9] PARAMS -> {}
2025-08-21 16:53:07.114 - DEBUG: [logger.js:246:9] GET /person/list requested
2025-08-21 16:53:07.114 - DEBUG: [logger.js:246:9] PARAMS -> {}
2025-08-21 16:53:07.258 - DEBUG: [logger.js:246:9] GET /person/list requested
2025-08-21 16:53:07.259 - DEBUG: [logger.js:246:9] PARAMS -> {}
2025-08-21 16:53:07.406 - DEBUG: [logger.js:246:9] GET /person/list requested
2025-08-21 16:53:07.406 - DEBUG: [logger.js:246:9] PARAMS -> {}
2025-08-21 16:53:07.537 - DEBUG: [logger.js:246:9] GET /person/list requested
2025-08-21 16:53:07.538 - DEBUG: [logger.js:246:9] PARAMS -> {}
2025-08-21 16:53:07.697 - DEBUG: [logger.js:246:9] GET /person/list requested
2025-08-21 16:53:07.698 - DEBUG: [logger.js:246:9] PARAMS -> {}
2025-08-21 16:53:07.833 - DEBUG: [logger.js:246:9] GET /person/list requested
2025-08-21 16:53:07.833 - DEBUG: [logger.js:246:9] PARAMS -> {}
2025-08-21 17:01:30.114 - INFO: [logger.js:246:9] service loader called.
2025-08-21 17:01:30.125 - INFO: [logger.js:246:9] controller loader called.
2025-08-21 17:01:30.125 - DEBUG: [logger.js:246:9] external_loader called.
2025-08-21 17:01:30.126 - DEBUG: [logger.js:246:9] No external configuration.
2025-08-21 17:01:30.301 - INFO: [logger.js:246:9] Http Server started.
2025-08-21 17:01:30.302 - INFO: [logger.js:246:9] Base URL -> http://localhost:8001
2025-08-21 17:01:30.303 - INFO: [logger.js:246:9] Namespace -> ::_8001_18952
2025-08-21 17:01:30.311 - DEBUG: [logger.js:246:9] database SQL file loaded.
2025-08-21 17:01:32.520 - DEBUG: [logger.js:246:9] GET /person/list requested
2025-08-21 17:01:32.521 - DEBUG: [logger.js:246:9] PARAMS -> {}
2025-08-21 17:01:48.498 - DEBUG: [logger.js:246:9] GET /person/list requested
2025-08-21 17:01:48.498 - DEBUG: [logger.js:246:9] PARAMS -> {"page-1":"","perPage":"2"}
2025-08-21 17:01:59.834 - DEBUG: [logger.js:246:9] GET /person/list requested
2025-08-21 17:01:59.834 - DEBUG: [logger.js:246:9] PARAMS -> {"page":"2","perPage":"2"}
2025-08-21 17:10:16.438 - DEBUG: [logger.js:246:9] GET /person/list requested
2025-08-21 17:10:16.439 - DEBUG: [logger.js:246:9] PARAMS -> {}
2025-08-21 17:10:34.994 - INFO: [logger.js:246:9] service loader called.
2025-08-21 17:10:35.008 - INFO: [logger.js:246:9] controller loader called.
2025-08-21 17:10:35.008 - DEBUG: [logger.js:246:9] external_loader called.
2025-08-21 17:10:35.008 - DEBUG: [logger.js:246:9] No external configuration.
2025-08-21 17:10:35.204 - INFO: [logger.js:246:9] Http Server started.
2025-08-21 17:10:35.205 - INFO: [logger.js:246:9] Base URL -> http://localhost:8001
2025-08-21 17:10:35.206 - INFO: [logger.js:246:9] Namespace -> ::_8001_9572
2025-08-21 17:10:35.220 - DEBUG: [logger.js:246:9] database SQL file loaded.
2025-08-21 17:10:38.695 - DEBUG: [logger.js:246:9] GET /person/list requested
2025-08-21 17:10:38.696 - DEBUG: [logger.js:246:9] PARAMS -> {}
2025-08-21 17:10:57.215 - DEBUG: [logger.js:246:9] GET /person/list requested
2025-08-21 17:10:57.215 - DEBUG: [logger.js:246:9] PARAMS -> {"page-1":"","perPage":"2"}
2025-08-21 17:11:02.594 - DEBUG: [logger.js:246:9] GET /person/list requested
2025-08-21 17:11:02.594 - DEBUG: [logger.js:246:9] PARAMS -> {}
2025-08-21 17:12:40.006 - DEBUG: [logger.js:246:9] POST /person/list requested
2025-08-21 17:12:40.015 - DEBUG: [logger.js:246:9] PARAMS -> {}
2025-08-21 17:13:35.241 - DEBUG: [logger.js:246:9] POST /person/list requested
2025-08-21 17:13:35.242 - DEBUG: [logger.js:246:9] PARAMS -> {"page":"2","perPage":"2"}
2025-08-21 17:22:02.715 - INFO: [logger.js:246:9] service loader called.
2025-08-21 17:22:02.731 - INFO: [logger.js:246:9] controller loader called.
2025-08-21 17:22:02.732 - DEBUG: [logger.js:246:9] external_loader called.
2025-08-21 17:22:02.732 - DEBUG: [logger.js:246:9] No external configuration.
2025-08-21 17:22:02.934 - INFO: [logger.js:246:9] Http Server started.
2025-08-21 17:22:02.935 - INFO: [logger.js:246:9] Base URL -> http://localhost:8001
2025-08-21 17:22:02.936 - INFO: [logger.js:246:9] Namespace -> ::_8001_17760
2025-08-21 17:22:02.938 - DEBUG: [logger.js:246:9] database SQL file loaded.
2025-08-21 17:22:07.780 - DEBUG: [logger.js:246:9] POST /person/list2 requested
2025-08-21 17:22:07.781 - DEBUG: [logger.js:246:9] PARAMS -> {"name":"%길1"}
2025-08-21 17:22:07.807 - DEBUG: [logger.js:246:9] SQL -> select id, name, age, mobile
                from test.person
                where name like '%길1'
2025-08-21 17:22:21.363 - DEBUG: [logger.js:246:9] POST /person/list2 requested
2025-08-21 17:22:21.363 - DEBUG: [logger.js:246:9] PARAMS -> {"name":"%길1"}
2025-08-21 17:22:21.366 - DEBUG: [logger.js:246:9] SQL -> select id, name, age, mobile
                from test.person
                where name like '%길1'
2025-08-21 17:22:56.429 - DEBUG: [logger.js:246:9] POST /person/list requested
2025-08-21 17:22:56.430 - DEBUG: [logger.js:246:9] PARAMS -> {"name":"%길1"}
2025-08-21 17:22:59.312 - DEBUG: [logger.js:246:9] POST /person/list2 requested
2025-08-21 17:22:59.313 - DEBUG: [logger.js:246:9] PARAMS -> {"name":"%길1"}
2025-08-21 17:22:59.314 - DEBUG: [logger.js:246:9] SQL -> select id, name, age, mobile
                from test.person
                where name like '%길1'
2025-08-21 17:25:48.623 - DEBUG: [logger.js:246:9] POST /person/list2 requested
2025-08-21 17:25:48.624 - DEBUG: [logger.js:246:9] PARAMS -> {"name":"%길1"}
2025-08-21 17:25:48.627 - DEBUG: [logger.js:246:9] SQL -> select id, name, age, mobile
                from test.person
                where name like '%길1'
2025-08-21 17:25:57.098 - INFO: [logger.js:246:9] service loader called.
2025-08-21 17:25:57.110 - INFO: [logger.js:246:9] controller loader called.
2025-08-21 17:25:57.111 - DEBUG: [logger.js:246:9] external_loader called.
2025-08-21 17:25:57.111 - DEBUG: [logger.js:246:9] No external configuration.
2025-08-21 17:25:57.288 - INFO: [logger.js:246:9] Http Server started.
2025-08-21 17:25:57.288 - INFO: [logger.js:246:9] Base URL -> http://localhost:8001
2025-08-21 17:25:57.289 - INFO: [logger.js:246:9] Namespace -> ::_8001_2272
2025-08-21 17:25:57.292 - DEBUG: [logger.js:246:9] database SQL file loaded.
2025-08-21 17:25:59.301 - DEBUG: [logger.js:246:9] POST /person/list2 requested
2025-08-21 17:25:59.302 - DEBUG: [logger.js:246:9] PARAMS -> {"name":"%길1"}
2025-08-21 17:25:59.324 - DEBUG: [logger.js:246:9] SQL -> select id, name, age, mobile
                from test.person
                where name like '%길1'
2025-08-21 17:28:01.565 - INFO: [logger.js:246:9] service loader called.
2025-08-21 17:28:01.576 - INFO: [logger.js:246:9] controller loader called.
2025-08-21 17:28:01.576 - DEBUG: [logger.js:246:9] external_loader called.
2025-08-21 17:28:01.577 - DEBUG: [logger.js:246:9] No external configuration.
2025-08-21 17:28:01.750 - INFO: [logger.js:246:9] Http Server started.
2025-08-21 17:28:01.751 - INFO: [logger.js:246:9] Base URL -> http://localhost:8001
2025-08-21 17:28:01.752 - INFO: [logger.js:246:9] Namespace -> ::_8001_21380
2025-08-21 17:28:01.754 - DEBUG: [logger.js:246:9] database SQL file loaded.
2025-08-21 17:28:05.777 - DEBUG: [logger.js:246:9] POST /person/list2 requested
2025-08-21 17:28:05.777 - DEBUG: [logger.js:246:9] PARAMS -> {"name":"%길1"}
2025-08-21 17:28:05.798 - DEBUG: [logger.js:246:9] SQL -> select id, name, age, mobile
                from test.person
                where name like '%길1'
2025-08-21 17:28:36.011 - DEBUG: [logger.js:246:9] POST /person/list requested
2025-08-21 17:28:36.011 - DEBUG: [logger.js:246:9] PARAMS -> {"name":"%길1"}
2025-08-21 17:29:10.572 - INFO: [logger.js:246:9] service loader called.
2025-08-21 17:29:10.583 - INFO: [logger.js:246:9] controller loader called.
2025-08-21 17:29:10.583 - DEBUG: [logger.js:246:9] external_loader called.
2025-08-21 17:29:10.584 - DEBUG: [logger.js:246:9] No external configuration.
2025-08-21 17:29:10.758 - INFO: [logger.js:246:9] Http Server started.
2025-08-21 17:29:10.759 - INFO: [logger.js:246:9] Base URL -> http://localhost:8001
2025-08-21 17:29:10.760 - INFO: [logger.js:246:9] Namespace -> ::_8001_14228
2025-08-21 17:29:10.762 - DEBUG: [logger.js:246:9] database SQL file loaded.
2025-08-21 17:30:29.167 - INFO: [logger.js:246:9] service loader called.
2025-08-21 17:30:29.178 - INFO: [logger.js:246:9] controller loader called.
2025-08-21 17:30:29.179 - DEBUG: [logger.js:246:9] external_loader called.
2025-08-21 17:30:29.179 - DEBUG: [logger.js:246:9] No external configuration.
2025-08-21 17:30:29.357 - INFO: [logger.js:246:9] Http Server started.
2025-08-21 17:30:29.358 - INFO: [logger.js:246:9] Base URL -> http://localhost:8001
2025-08-21 17:30:29.358 - INFO: [logger.js:246:9] Namespace -> ::_8001_20836
2025-08-21 17:30:47.696 - INFO: [logger.js:246:9] service loader called.
2025-08-21 17:30:47.707 - INFO: [logger.js:246:9] controller loader called.
2025-08-21 17:30:47.707 - DEBUG: [logger.js:246:9] external_loader called.
2025-08-21 17:30:47.708 - DEBUG: [logger.js:246:9] No external configuration.
2025-08-21 17:30:47.892 - INFO: [logger.js:246:9] Http Server started.
2025-08-21 17:30:47.893 - INFO: [logger.js:246:9] Base URL -> http://localhost:8001
2025-08-21 17:30:47.894 - INFO: [logger.js:246:9] Namespace -> ::_8001_17308
2025-08-21 17:30:47.896 - DEBUG: [logger.js:246:9] database SQL file loaded.
2025-08-21 17:30:52.637 - DEBUG: [logger.js:246:9] POST /person/list requested
2025-08-21 17:30:52.638 - DEBUG: [logger.js:246:9] PARAMS -> {"name":"%길1"}
2025-08-21 17:31:06.994 - DEBUG: [logger.js:246:9] POST /person/list requested
2025-08-21 17:31:06.995 - DEBUG: [logger.js:246:9] PARAMS -> {"page":"2"}
2025-08-21 17:31:13.042 - DEBUG: [logger.js:246:9] POST /person/list requested
2025-08-21 17:31:13.043 - DEBUG: [logger.js:246:9] PARAMS -> {}
2025-08-21 17:33:21.473 - INFO: [logger.js:246:9] service loader called.
2025-08-21 17:33:21.484 - INFO: [logger.js:246:9] controller loader called.
2025-08-21 17:33:21.485 - DEBUG: [logger.js:246:9] external_loader called.
2025-08-21 17:33:21.485 - DEBUG: [logger.js:246:9] No external configuration.
2025-08-21 17:33:21.668 - INFO: [logger.js:246:9] Http Server started.
2025-08-21 17:33:21.669 - INFO: [logger.js:246:9] Base URL -> http://localhost:8001
2025-08-21 17:33:21.670 - INFO: [logger.js:246:9] Namespace -> ::_8001_16380
2025-08-21 17:33:21.686 - DEBUG: [logger.js:246:9] database SQL file loaded.
2025-08-21 17:33:27.893 - DEBUG: [logger.js:246:9] POST /person/list requested
2025-08-21 17:33:27.894 - DEBUG: [logger.js:246:9] PARAMS -> {}
2025-08-21 17:33:27.925 - DEBUG: [logger.js:246:9] SQL -> select count(*) as total
                from test.person
2025-08-21 17:33:27.929 - DEBUG: [logger.js:246:9] SQL -> select id, name, age, mobile
              from test.person
2025-08-21 17:35:31.767 - DEBUG: [logger.js:246:9] POST /person/list2 requested
2025-08-21 17:35:31.767 - DEBUG: [logger.js:246:9] PARAMS -> {"name":"%길!"}
2025-08-21 17:35:31.769 - DEBUG: [logger.js:246:9] SQL -> select id, name, age, mobile
                from test.person
                where name like '%길!'
2025-08-21 17:36:12.120 - DEBUG: [logger.js:246:9] POST /person/list2 requested
2025-08-21 17:36:12.121 - DEBUG: [logger.js:246:9] PARAMS -> {"name":"%은!"}
2025-08-21 17:36:12.124 - DEBUG: [logger.js:246:9] SQL -> select id, name, age, mobile
                from test.person
                where name like '%은!'
2025-08-21 17:37:08.003 - DEBUG: [logger.js:246:9] POST /person/list2 requested
2025-08-21 17:37:08.003 - DEBUG: [logger.js:246:9] PARAMS -> {"name":"%길!"}
2025-08-21 17:37:08.006 - DEBUG: [logger.js:246:9] SQL -> select id, name, age, mobile
                from test.person
                where name like '%길!'
2025-08-21 17:37:15.097 - DEBUG: [logger.js:246:9] POST /person/list requested
2025-08-21 17:37:15.098 - DEBUG: [logger.js:246:9] PARAMS -> {"page":"2","perPage":"2"}
2025-08-21 17:37:15.100 - DEBUG: [logger.js:246:9] SQL -> select count(*) as total
                from test.person
2025-08-21 17:37:15.101 - DEBUG: [logger.js:246:9] SQL -> select id, name, age, mobile
              from test.person limit 2, 2
2025-08-21 17:38:27.032 - DEBUG: [logger.js:246:9] GET /person/list requested
2025-08-21 17:38:27.033 - DEBUG: [logger.js:246:9] PARAMS -> {}
2025-08-21 17:38:27.035 - DEBUG: [logger.js:246:9] SQL -> select count(*) as total
                from test.person
2025-08-21 17:38:27.036 - DEBUG: [logger.js:246:9] SQL -> select id, name, age, mobile
              from test.person
2025-08-21 18:34:37.015 - DEBUG: [logger.js:246:9] GET /person/list requested
2025-08-21 18:34:37.015 - DEBUG: [logger.js:246:9] PARAMS -> {"page":"2","perPage":"2"}
2025-08-21 18:34:37.020 - DEBUG: [logger.js:246:9] SQL -> select count(*) as total
                from test.person
2025-08-21 18:34:37.021 - DEBUG: [logger.js:246:9] SQL -> select id, name, age, mobile
              from test.person limit 2, 2
