2025-08-22 12:20:13.083 - INFO: [logger.js:246:9] service loader called.
2025-08-22 12:20:13.095 - INFO: [logger.js:246:9] controller loader called.
2025-08-22 12:20:13.096 - DEBUG: [logger.js:246:9] external_loader called.
2025-08-22 12:20:13.096 - DEBUG: [logger.js:246:9] No external configuration.
2025-08-22 12:20:13.280 - INFO: [logger.js:246:9] Http Server started.
2025-08-22 12:20:13.281 - INFO: [logger.js:246:9] Base URL -> http://localhost:8001
2025-08-22 12:20:13.281 - INFO: [logger.js:246:9] Namespace -> ::_8001_15424
2025-08-22 12:20:13.283 - DEBUG: [logger.js:246:9] database SQL file loaded.
2025-08-22 12:21:14.138 - INFO: [logger.js:246:9] service loader called.
2025-08-22 12:21:14.150 - INFO: [logger.js:246:9] controller loader called.
2025-08-22 12:21:14.150 - DEBUG: [logger.js:246:9] external_loader called.
2025-08-22 12:21:14.150 - DEBUG: [logger.js:246:9] No external configuration.
2025-08-22 12:21:14.349 - INFO: [logger.js:246:9] Http Server started.
2025-08-22 12:21:14.349 - INFO: [logger.js:246:9] Base URL -> http://localhost:8001
2025-08-22 12:21:14.350 - INFO: [logger.js:246:9] Namespace -> ::_8001_2992
2025-08-22 12:21:14.352 - DEBUG: [logger.js:246:9] database SQL file loaded.
2025-08-22 12:21:35.297 - INFO: [logger.js:246:9] service loader called.
2025-08-22 12:21:35.309 - INFO: [logger.js:246:9] controller loader called.
2025-08-22 12:21:35.309 - DEBUG: [logger.js:246:9] external_loader called.
2025-08-22 12:21:35.309 - DEBUG: [logger.js:246:9] No external configuration.
2025-08-22 12:21:35.515 - INFO: [logger.js:246:9] Http Server started.
2025-08-22 12:21:35.516 - INFO: [logger.js:246:9] Base URL -> http://localhost:8001
2025-08-22 12:21:35.516 - INFO: [logger.js:246:9] Namespace -> ::_8001_12316
2025-08-22 12:21:35.518 - DEBUG: [logger.js:246:9] database SQL file loaded.
2025-08-22 12:23:30.118 - INFO: [logger.js:246:9] service loader called.
2025-08-22 12:23:30.130 - INFO: [logger.js:246:9] controller loader called.
2025-08-22 12:23:30.130 - DEBUG: [logger.js:246:9] external_loader called.
2025-08-22 12:23:30.130 - DEBUG: [logger.js:246:9] No external configuration.
2025-08-22 12:23:30.319 - INFO: [logger.js:246:9] Http Server started.
2025-08-22 12:23:30.319 - INFO: [logger.js:246:9] Base URL -> http://localhost:8001
2025-08-22 12:23:30.320 - INFO: [logger.js:246:9] Namespace -> ::_8001_16920
2025-08-22 12:23:30.322 - DEBUG: [logger.js:246:9] database SQL file loaded.
2025-08-22 12:23:35.465 - DEBUG: [logger.js:246:9] POST /person/list4 requested
2025-08-22 12:23:35.465 - DEBUG: [logger.js:246:9] PARAMS -> {"name":"%은호"}
2025-08-22 12:23:35.488 - DEBUG: [logger.js:246:9] SQL -> select id, name, age, mobile
              from test.person
              where name like '%은호' 
2025-08-22 12:23:47.776 - DEBUG: [logger.js:246:9] POST /person/list3 requested
2025-08-22 12:23:47.777 - DEBUG: [logger.js:246:9] PARAMS -> {"name":"%은호"}
2025-08-22 12:23:47.778 - DEBUG: [logger.js:246:9] SQL -> select id, name, age, mobile
              from test.person
              where name like '%은호' 
2025-08-22 12:50:42.078 - INFO: [logger.js:246:9] service loader called.
2025-08-22 12:50:42.093 - INFO: [logger.js:246:9] controller loader called.
2025-08-22 12:50:42.094 - DEBUG: [logger.js:246:9] external_loader called.
2025-08-22 12:50:42.094 - DEBUG: [logger.js:246:9] No external configuration.
2025-08-22 12:50:42.275 - INFO: [logger.js:246:9] Http Server started.
2025-08-22 12:50:42.276 - INFO: [logger.js:246:9] Base URL -> http://localhost:8001
2025-08-22 12:50:42.276 - INFO: [logger.js:246:9] Namespace -> ::_8001_12024
2025-08-22 12:50:42.279 - DEBUG: [logger.js:246:9] database SQL file loaded.
2025-08-22 12:50:48.178 - DEBUG: [logger.js:246:9] POST /person/list3 requested
2025-08-22 12:50:48.179 - DEBUG: [logger.js:246:9] PARAMS -> {"name":"%길동"}
2025-08-22 12:50:48.201 - DEBUG: [logger.js:246:9] SQL -> select id, name, age, mobile
              from test.person
              where name like '%길동' 
2025-08-22 12:50:54.694 - DEBUG: [logger.js:246:9] POST /person/list3 requested
2025-08-22 12:50:54.695 - DEBUG: [logger.js:246:9] PARAMS -> {"name":"%길!"}
2025-08-22 12:50:54.696 - DEBUG: [logger.js:246:9] SQL -> select id, name, age, mobile
              from test.person
              where name like '%길!' 
2025-08-22 12:50:59.932 - DEBUG: [logger.js:246:9] POST /person/list3 requested
2025-08-22 12:50:59.932 - DEBUG: [logger.js:246:9] PARAMS -> {"name":"%은호"}
2025-08-22 12:50:59.933 - DEBUG: [logger.js:246:9] SQL -> select id, name, age, mobile
              from test.person
              where name like '%은호' 
2025-08-22 14:28:10.342 - INFO: [logger.js:246:9] service loader called.
2025-08-22 14:28:10.356 - INFO: [logger.js:246:9] controller loader called.
2025-08-22 14:28:10.356 - DEBUG: [logger.js:246:9] external_loader called.
2025-08-22 14:28:10.356 - DEBUG: [logger.js:246:9] No external configuration.
2025-08-22 14:28:10.569 - INFO: [logger.js:246:9] Http Server started.
2025-08-22 14:28:10.570 - INFO: [logger.js:246:9] Base URL -> http://localhost:8001
2025-08-22 14:28:10.570 - INFO: [logger.js:246:9] Namespace -> ::_8001_4412
2025-08-22 14:28:10.574 - DEBUG: [logger.js:246:9] database SQL file loaded.
2025-08-22 14:33:07.479 - INFO: [logger.js:246:9] service loader called.
2025-08-22 14:33:07.491 - INFO: [logger.js:246:9] controller loader called.
2025-08-22 14:33:07.492 - DEBUG: [logger.js:246:9] external_loader called.
2025-08-22 14:33:07.492 - DEBUG: [logger.js:246:9] No external configuration.
2025-08-22 14:33:07.677 - INFO: [logger.js:246:9] Http Server started.
2025-08-22 14:33:07.677 - INFO: [logger.js:246:9] Base URL -> http://localhost:8001
2025-08-22 14:33:07.678 - INFO: [logger.js:246:9] Namespace -> ::_8001_14468
2025-08-22 14:33:07.680 - DEBUG: [logger.js:246:9] database SQL file loaded.
2025-08-22 14:34:18.062 - INFO: [logger.js:246:9] service loader called.
2025-08-22 14:34:18.076 - INFO: [logger.js:246:9] controller loader called.
2025-08-22 14:34:18.076 - DEBUG: [logger.js:246:9] external_loader called.
2025-08-22 14:34:18.077 - DEBUG: [logger.js:246:9] No external configuration.
2025-08-22 14:34:18.290 - INFO: [logger.js:246:9] Http Server started.
2025-08-22 14:34:18.291 - INFO: [logger.js:246:9] Base URL -> http://localhost:8001
2025-08-22 14:34:18.291 - INFO: [logger.js:246:9] Namespace -> ::_8001_9292
2025-08-22 14:34:18.294 - DEBUG: [logger.js:246:9] database SQL file loaded.
2025-08-22 14:34:38.596 - INFO: [logger.js:246:9] service loader called.
2025-08-22 14:34:38.612 - INFO: [logger.js:246:9] controller loader called.
2025-08-22 14:34:38.614 - DEBUG: [logger.js:246:9] external_loader called.
2025-08-22 14:34:38.615 - DEBUG: [logger.js:246:9] No external configuration.
2025-08-22 14:34:38.821 - INFO: [logger.js:246:9] Http Server started.
2025-08-22 14:34:38.822 - INFO: [logger.js:246:9] Base URL -> http://localhost:8001
2025-08-22 14:34:38.822 - INFO: [logger.js:246:9] Namespace -> ::_8001_18564
2025-08-22 14:34:38.825 - DEBUG: [logger.js:246:9] database SQL file loaded.
2025-08-22 14:40:01.062 - INFO: [logger.js:246:9] service loader called.
2025-08-22 14:40:01.073 - INFO: [logger.js:246:9] controller loader called.
2025-08-22 14:40:01.074 - DEBUG: [logger.js:246:9] external_loader called.
2025-08-22 14:40:01.074 - DEBUG: [logger.js:246:9] No external configuration.
2025-08-22 14:40:01.265 - INFO: [logger.js:246:9] Http Server started.
2025-08-22 14:40:01.265 - INFO: [logger.js:246:9] Base URL -> http://localhost:8001
2025-08-22 14:40:01.266 - INFO: [logger.js:246:9] Namespace -> ::_8001_17432
2025-08-22 14:40:01.269 - DEBUG: [logger.js:246:9] database SQL file loaded.
2025-08-22 14:43:59.295 - INFO: [logger.js:246:9] service loader called.
2025-08-22 14:43:59.308 - INFO: [logger.js:246:9] controller loader called.
2025-08-22 14:43:59.309 - DEBUG: [logger.js:246:9] external_loader called.
2025-08-22 14:43:59.309 - DEBUG: [logger.js:246:9] No external configuration.
2025-08-22 14:43:59.494 - INFO: [logger.js:246:9] Http Server started.
2025-08-22 14:43:59.495 - INFO: [logger.js:246:9] Base URL -> http://localhost:8001
2025-08-22 14:43:59.495 - INFO: [logger.js:246:9] Namespace -> ::_8001_5184
2025-08-22 14:43:59.498 - DEBUG: [logger.js:246:9] database SQL file loaded.
2025-08-22 14:45:20.321 - DEBUG: [logger.js:246:9] Customer::modify 호출됨.
2025-08-22 14:45:20.324 - DEBUG: [logger.js:246:9] POST /customer/v1/modify requested
2025-08-22 14:45:20.325 - DEBUG: [logger.js:246:9] PARAMS -> {"name":"홍길동5","age":"25","moblie":"010-5000-5000","id":"1"}
2025-08-22 14:45:20.359 - DEBUG: [logger.js:246:9] SQL -> update test.customer
                set name = '홍길동5', 
                    age='25', 
                    mobile=:MOBIL
                where id='1'
2025-08-22 14:45:20.360 - DEBUG: [logger.js:246:9] Error in executing SQL -> Error: ER_PARSE_ERROR: You have an error in your SQL syntax; check the manual that corresponds to your MariaDB server version for the right syntax to use near ':MOBIL
                where id='1'' at line 4
2025-08-22 14:47:31.074 - INFO: [logger.js:246:9] service loader called.
2025-08-22 14:47:31.086 - INFO: [logger.js:246:9] controller loader called.
2025-08-22 14:47:31.086 - DEBUG: [logger.js:246:9] external_loader called.
2025-08-22 14:47:31.087 - DEBUG: [logger.js:246:9] No external configuration.
2025-08-22 14:47:31.316 - INFO: [logger.js:246:9] Http Server started.
2025-08-22 14:47:31.317 - INFO: [logger.js:246:9] Base URL -> http://localhost:8001
2025-08-22 14:47:31.317 - INFO: [logger.js:246:9] Namespace -> ::_8001_6252
2025-08-22 14:47:31.320 - DEBUG: [logger.js:246:9] database SQL file loaded.
2025-08-22 14:47:38.425 - DEBUG: [logger.js:246:9] Customer::modify 호출됨.
2025-08-22 14:47:38.426 - DEBUG: [logger.js:246:9] POST /customer/v1/modify requested
2025-08-22 14:47:38.426 - DEBUG: [logger.js:246:9] PARAMS -> {"name":"홍길동5","age":"25","moblie":"010-5000-5000","id":"1"}
2025-08-22 14:47:38.478 - DEBUG: [logger.js:246:9] SQL -> update test.customer
                set name = '홍길동5', 
                    age='25', 
                    mobile=:MOBILE
                where id='1'
2025-08-22 14:47:38.480 - DEBUG: [logger.js:246:9] Error in executing SQL -> Error: ER_PARSE_ERROR: You have an error in your SQL syntax; check the manual that corresponds to your MariaDB server version for the right syntax to use near ':MOBILE
                where id='1'' at line 4
2025-08-22 14:47:55.118 - DEBUG: [logger.js:246:9] Customer::remove 호출됨.
2025-08-22 14:47:55.119 - DEBUG: [logger.js:246:9] POST /customer/v1/remove requested
2025-08-22 14:47:55.119 - DEBUG: [logger.js:246:9] PARAMS -> {"id":"1"}
2025-08-22 14:47:55.130 - DEBUG: [logger.js:246:9] SQL -> delete from test.customer
                where id = '1'
2025-08-22 14:49:30.567 - DEBUG: [logger.js:246:9] Customer::add 호출됨.
2025-08-22 14:49:30.568 - DEBUG: [logger.js:246:9] POST /customer/v1/add requested
2025-08-22 14:49:30.568 - DEBUG: [logger.js:246:9] PARAMS -> {"name":"홍길동2","age":"22","moblie":"010-2000-2000"}
2025-08-22 14:49:30.569 - DEBUG: [logger.js:246:9] SQL -> insert into test.customer (name, age, mobile)
            values
                ('홍길동2', '22', :MOBILE)
2025-08-22 14:49:30.570 - DEBUG: [logger.js:246:9] Error in executing SQL -> Error: ER_PARSE_ERROR: You have an error in your SQL syntax; check the manual that corresponds to your MariaDB server version for the right syntax to use near ':MOBILE)' at line 3
2025-08-22 14:51:23.379 - DEBUG: [logger.js:246:9] Customer::add 호출됨.
2025-08-22 14:51:23.380 - DEBUG: [logger.js:246:9] POST /customer/v1/add requested
2025-08-22 14:51:23.381 - DEBUG: [logger.js:246:9] PARAMS -> {"name":"홍길동2","age":"22","mobile":"010-2000-2000"}
2025-08-22 14:51:23.384 - DEBUG: [logger.js:246:9] SQL -> insert into test.customer (name, age, mobile)
            values
                ('홍길동2', '22', '010-2000-2000')
2025-08-22 14:51:37.029 - DEBUG: [logger.js:246:9] Customer::add 호출됨.
2025-08-22 14:51:37.030 - DEBUG: [logger.js:246:9] POST /customer/v1/add requested
2025-08-22 14:51:37.030 - DEBUG: [logger.js:246:9] PARAMS -> {"name":"홍길동3","age":"23","mobile":"010-3000-3000"}
2025-08-22 14:51:37.041 - DEBUG: [logger.js:246:9] SQL -> insert into test.customer (name, age, mobile)
            values
                ('홍길동3', '23', '010-3000-3000')
2025-08-22 14:51:48.334 - DEBUG: [logger.js:246:9] Customer::add 호출됨.
2025-08-22 14:51:48.335 - DEBUG: [logger.js:246:9] POST /customer/v1/add requested
2025-08-22 14:51:48.335 - DEBUG: [logger.js:246:9] PARAMS -> {"name":"홍길동1","age":"21","mobile":"010-1000-1000"}
2025-08-22 14:51:48.341 - DEBUG: [logger.js:246:9] SQL -> insert into test.customer (name, age, mobile)
            values
                ('홍길동1', '21', '010-1000-1000')
2025-08-22 14:52:06.788 - DEBUG: [logger.js:246:9] Customer::read 호출됨.
2025-08-22 14:52:06.793 - DEBUG: [logger.js:246:9] POST /customer/v1/read requested
2025-08-22 14:52:06.793 - DEBUG: [logger.js:246:9] PARAMS -> {"page":"1"}
2025-08-22 14:52:06.795 - DEBUG: [logger.js:246:9] SQL -> select id, name, age, mobile
                from test.customer
                where id = :ID
2025-08-22 14:52:06.795 - DEBUG: [logger.js:246:9] Error in executing SQL -> Error: ER_PARSE_ERROR: You have an error in your SQL syntax; check the manual that corresponds to your MariaDB server version for the right syntax to use near ':ID' at line 3
2025-08-22 14:59:59.853 - INFO: [logger.js:246:9] service loader called.
2025-08-22 14:59:59.865 - INFO: [logger.js:246:9] controller loader called.
2025-08-22 14:59:59.866 - DEBUG: [logger.js:246:9] external_loader called.
2025-08-22 14:59:59.866 - DEBUG: [logger.js:246:9] No external configuration.
2025-08-22 15:00:00.043 - INFO: [logger.js:246:9] Http Server started.
2025-08-22 15:00:00.043 - INFO: [logger.js:246:9] Base URL -> http://localhost:8001
2025-08-22 15:00:00.043 - INFO: [logger.js:246:9] Namespace -> ::_8001_20432
2025-08-22 15:00:00.046 - DEBUG: [logger.js:246:9] database SQL file loaded.
2025-08-22 15:00:08.232 - DEBUG: [logger.js:246:9] Customer::read 호출됨.
2025-08-22 15:00:08.233 - DEBUG: [logger.js:246:9] POST /customer/v1/read requested
2025-08-22 15:00:08.233 - DEBUG: [logger.js:246:9] PARAMS -> {"page":"1"}
2025-08-22 15:00:08.256 - DEBUG: [logger.js:246:9] SQL -> select id, name, age, mobile
                from test.customer
                where id = :ID
2025-08-22 15:00:08.257 - DEBUG: [logger.js:246:9] Error in executing SQL -> Error: ER_PARSE_ERROR: You have an error in your SQL syntax; check the manual that corresponds to your MariaDB server version for the right syntax to use near ':ID' at line 3
2025-08-22 15:02:55.924 - INFO: [logger.js:246:9] service loader called.
2025-08-22 15:02:55.937 - INFO: [logger.js:246:9] controller loader called.
2025-08-22 15:02:55.937 - DEBUG: [logger.js:246:9] external_loader called.
2025-08-22 15:02:55.937 - DEBUG: [logger.js:246:9] No external configuration.
2025-08-22 15:02:56.118 - INFO: [logger.js:246:9] Http Server started.
2025-08-22 15:02:56.119 - INFO: [logger.js:246:9] Base URL -> http://localhost:8001
2025-08-22 15:02:56.119 - INFO: [logger.js:246:9] Namespace -> ::_8001_6848
2025-08-22 15:02:56.122 - DEBUG: [logger.js:246:9] database SQL file loaded.
2025-08-22 15:03:00.061 - DEBUG: [logger.js:246:9] Customer::read 호출됨.
2025-08-22 15:03:00.062 - DEBUG: [logger.js:246:9] POST /customer/v1/read requested
2025-08-22 15:03:00.063 - DEBUG: [logger.js:246:9] PARAMS -> {"page":"1"}
2025-08-22 15:03:00.087 - DEBUG: [logger.js:246:9] SQL -> select id, name, age, mobile
                from test.customer
                where id = :ID
2025-08-22 15:03:00.087 - DEBUG: [logger.js:246:9] Error in executing SQL -> Error: ER_PARSE_ERROR: You have an error in your SQL syntax; check the manual that corresponds to your MariaDB server version for the right syntax to use near ':ID' at line 3
2025-08-22 15:03:19.075 - INFO: [logger.js:246:9] service loader called.
2025-08-22 15:03:19.087 - INFO: [logger.js:246:9] controller loader called.
2025-08-22 15:03:19.087 - DEBUG: [logger.js:246:9] external_loader called.
2025-08-22 15:03:19.087 - DEBUG: [logger.js:246:9] No external configuration.
2025-08-22 15:03:19.265 - INFO: [logger.js:246:9] Http Server started.
2025-08-22 15:03:19.266 - INFO: [logger.js:246:9] Base URL -> http://localhost:8001
2025-08-22 15:03:19.266 - INFO: [logger.js:246:9] Namespace -> ::_8001_14464
2025-08-22 15:03:19.269 - DEBUG: [logger.js:246:9] database SQL file loaded.
2025-08-22 15:03:21.501 - DEBUG: [logger.js:246:9] Customer::read 호출됨.
2025-08-22 15:03:21.502 - DEBUG: [logger.js:246:9] POST /customer/v1/read requested
2025-08-22 15:03:21.502 - DEBUG: [logger.js:246:9] PARAMS -> {"page":"1"}
2025-08-22 15:03:21.522 - DEBUG: [logger.js:246:9] SQL -> select id, name, age, mobile
              from test.customer
              where id = :ID
2025-08-22 15:03:21.523 - DEBUG: [logger.js:246:9] Error in executing SQL -> Error: ER_PARSE_ERROR: You have an error in your SQL syntax; check the manual that corresponds to your MariaDB server version for the right syntax to use near ':ID' at line 3
2025-08-22 15:03:39.767 - INFO: [logger.js:246:9] service loader called.
2025-08-22 15:03:39.782 - INFO: [logger.js:246:9] controller loader called.
2025-08-22 15:03:39.783 - DEBUG: [logger.js:246:9] external_loader called.
2025-08-22 15:03:39.783 - DEBUG: [logger.js:246:9] No external configuration.
2025-08-22 15:03:40.009 - INFO: [logger.js:246:9] Http Server started.
2025-08-22 15:03:40.010 - INFO: [logger.js:246:9] Base URL -> http://localhost:8001
2025-08-22 15:03:40.010 - INFO: [logger.js:246:9] Namespace -> ::_8001_17900
2025-08-22 15:03:40.013 - DEBUG: [logger.js:246:9] database SQL file loaded.
2025-08-22 15:03:42.042 - DEBUG: [logger.js:246:9] Customer::read 호출됨.
2025-08-22 15:03:42.045 - DEBUG: [logger.js:246:9] POST /customer/v1/read requested
2025-08-22 15:03:42.057 - DEBUG: [logger.js:246:9] PARAMS -> {"page":"1"}
2025-08-22 15:03:42.095 - DEBUG: [logger.js:246:9] SQL -> select id, name, age, mobile
              from test.customer
              where id = :ID
2025-08-22 15:03:42.096 - DEBUG: [logger.js:246:9] Error in executing SQL -> Error: ER_PARSE_ERROR: You have an error in your SQL syntax; check the manual that corresponds to your MariaDB server version for the right syntax to use near ':ID' at line 3
2025-08-22 15:03:50.346 - DEBUG: [logger.js:246:9] Customer::read 호출됨.
2025-08-22 15:03:50.375 - DEBUG: [logger.js:246:9] POST /customer/v1/read requested
2025-08-22 15:03:50.379 - DEBUG: [logger.js:246:9] PARAMS -> {}
2025-08-22 15:03:50.388 - DEBUG: [logger.js:246:9] SQL -> select id, name, age, mobile
              from test.customer
              where id = :ID
2025-08-22 15:03:50.400 - DEBUG: [logger.js:246:9] Error in executing SQL -> Error: ER_PARSE_ERROR: You have an error in your SQL syntax; check the manual that corresponds to your MariaDB server version for the right syntax to use near ':ID' at line 3
2025-08-22 15:04:56.186 - DEBUG: [logger.js:246:9] Customer::remove 호출됨.
2025-08-22 15:04:56.187 - DEBUG: [logger.js:246:9] POST /customer/v1/remove requested
2025-08-22 15:04:56.188 - DEBUG: [logger.js:246:9] PARAMS -> {"id":"2"}
2025-08-22 15:04:56.192 - DEBUG: [logger.js:246:9] SQL -> delete from test.customer
              where id = '2' 
2025-08-22 15:05:00.618 - DEBUG: [logger.js:246:9] Customer::remove 호출됨.
2025-08-22 15:05:00.618 - DEBUG: [logger.js:246:9] POST /customer/v1/remove requested
2025-08-22 15:05:00.618 - DEBUG: [logger.js:246:9] PARAMS -> {"id":"3"}
2025-08-22 15:05:00.622 - DEBUG: [logger.js:246:9] SQL -> delete from test.customer
              where id = '3' 
2025-08-22 15:05:04.188 - DEBUG: [logger.js:246:9] Customer::remove 호출됨.
2025-08-22 15:05:04.189 - DEBUG: [logger.js:246:9] POST /customer/v1/remove requested
2025-08-22 15:05:04.189 - DEBUG: [logger.js:246:9] PARAMS -> {"id":"4"}
2025-08-22 15:05:04.198 - DEBUG: [logger.js:246:9] SQL -> delete from test.customer
              where id = '4' 
2025-08-22 15:05:30.056 - DEBUG: [logger.js:246:9] Customer::add 호출됨.
2025-08-22 15:05:30.057 - DEBUG: [logger.js:246:9] POST /customer/v1/add requested
2025-08-22 15:05:30.057 - DEBUG: [logger.js:246:9] PARAMS -> {"name":"홍길동1","age":"21","mobile":"010-1000-1000"}
2025-08-22 15:05:30.066 - DEBUG: [logger.js:246:9] SQL -> insert into test.customer(name, age, mobile)
              values
                  ('홍길동1', '21', '010-1000-1000')
2025-08-22 15:05:40.994 - DEBUG: [logger.js:246:9] Customer::add 호출됨.
2025-08-22 15:05:40.995 - DEBUG: [logger.js:246:9] POST /customer/v1/add requested
2025-08-22 15:05:40.995 - DEBUG: [logger.js:246:9] PARAMS -> {"name":"홍길동2","age":"22","mobile":"010-2000-2000"}
2025-08-22 15:05:40.997 - DEBUG: [logger.js:246:9] SQL -> insert into test.customer(name, age, mobile)
              values
                  ('홍길동2', '22', '010-2000-2000')
2025-08-22 15:05:49.875 - DEBUG: [logger.js:246:9] Customer::add 호출됨.
2025-08-22 15:05:49.875 - DEBUG: [logger.js:246:9] POST /customer/v1/add requested
2025-08-22 15:05:49.876 - DEBUG: [logger.js:246:9] PARAMS -> {"name":"홍길동3","age":"23","mobile":"010-3000-3000"}
2025-08-22 15:05:49.885 - DEBUG: [logger.js:246:9] SQL -> insert into test.customer(name, age, mobile)
              values
                  ('홍길동3', '23', '010-3000-3000')
2025-08-22 15:06:28.700 - DEBUG: [logger.js:246:9] Customer::remove 호출됨.
2025-08-22 15:06:28.701 - DEBUG: [logger.js:246:9] POST /customer/v1/remove requested
2025-08-22 15:06:28.701 - DEBUG: [logger.js:246:9] PARAMS -> {"id":"5"}
2025-08-22 15:06:28.710 - DEBUG: [logger.js:246:9] SQL -> delete from test.customer
              where id = '5' 
2025-08-22 15:06:44.124 - DEBUG: [logger.js:246:9] Customer::read 호출됨.
2025-08-22 15:06:44.125 - DEBUG: [logger.js:246:9] POST /customer/v1/read requested
2025-08-22 15:06:44.125 - DEBUG: [logger.js:246:9] PARAMS -> {"page":"1"}
2025-08-22 15:06:44.126 - DEBUG: [logger.js:246:9] SQL -> select id, name, age, mobile
              from test.customer
              where id = :ID
2025-08-22 15:06:44.127 - DEBUG: [logger.js:246:9] Error in executing SQL -> Error: ER_PARSE_ERROR: You have an error in your SQL syntax; check the manual that corresponds to your MariaDB server version for the right syntax to use near ':ID' at line 3
2025-08-22 15:06:52.745 - DEBUG: [logger.js:246:9] Customer::read 호출됨.
2025-08-22 15:06:52.745 - DEBUG: [logger.js:246:9] POST /customer/v1/read requested
2025-08-22 15:06:52.746 - DEBUG: [logger.js:246:9] PARAMS -> {"page":"1","perPage":"1"}
2025-08-22 15:06:52.746 - DEBUG: [logger.js:246:9] SQL -> select id, name, age, mobile
              from test.customer
              where id = :ID
2025-08-22 15:06:52.747 - DEBUG: [logger.js:246:9] Error in executing SQL -> Error: ER_PARSE_ERROR: You have an error in your SQL syntax; check the manual that corresponds to your MariaDB server version for the right syntax to use near ':ID' at line 3
2025-08-22 15:07:07.213 - DEBUG: [logger.js:246:9] Customer::read 호출됨.
2025-08-22 15:07:07.214 - DEBUG: [logger.js:246:9] POST /customer/v1/read requested
2025-08-22 15:07:07.214 - DEBUG: [logger.js:246:9] PARAMS -> {"id":"6"}
2025-08-22 15:07:07.216 - DEBUG: [logger.js:246:9] SQL -> select id, name, age, mobile
              from test.customer
              where id = '6'
2025-08-22 15:09:13.133 - DEBUG: [logger.js:246:9] Customer::remove 호출됨.
2025-08-22 15:09:13.134 - DEBUG: [logger.js:246:9] POST /customer/v1/remove requested
2025-08-22 15:09:13.134 - DEBUG: [logger.js:246:9] PARAMS -> {"id":"8"}
2025-08-22 15:09:13.144 - DEBUG: [logger.js:246:9] SQL -> delete from test.customer
              where id = '8' 
2025-08-22 15:32:42.641 - DEBUG: [logger.js:246:9] Customer::listAll 호출됨.
2025-08-22 15:32:42.642 - DEBUG: [logger.js:246:9] POST /customer/v1/list-all requested
2025-08-22 15:32:42.642 - DEBUG: [logger.js:246:9] PARAMS -> {}
2025-08-22 15:32:42.644 - DEBUG: [logger.js:246:9] SQL -> select id, name, age, mobile
              from test.customer
2025-08-22 15:32:49.648 - DEBUG: [logger.js:246:9] Customer::listAll 호출됨.
2025-08-22 15:32:49.649 - DEBUG: [logger.js:246:9] POST /customer/v1/list-all requested
2025-08-22 15:32:49.650 - DEBUG: [logger.js:246:9] PARAMS -> {}
2025-08-22 15:32:49.652 - DEBUG: [logger.js:246:9] SQL -> select id, name, age, mobile
              from test.customer
2025-08-22 15:33:30.977 - DEBUG: [logger.js:246:9] Customer::listAll 호출됨.
2025-08-22 15:33:30.978 - DEBUG: [logger.js:246:9] POST /customer/v1/list-all requested
2025-08-22 15:33:30.978 - DEBUG: [logger.js:246:9] PARAMS -> {}
2025-08-22 15:33:30.980 - DEBUG: [logger.js:246:9] SQL -> select id, name, age, mobile
              from test.customer
2025-08-22 15:33:57.377 - DEBUG: [logger.js:246:9] Customer::listAll 호출됨.
2025-08-22 15:33:57.379 - DEBUG: [logger.js:246:9] POST /customer/v1/list-all requested
2025-08-22 15:33:57.379 - DEBUG: [logger.js:246:9] PARAMS -> {}
2025-08-22 15:33:57.381 - DEBUG: [logger.js:246:9] SQL -> select id, name, age, mobile
              from test.customer
2025-08-22 15:36:48.705 - DEBUG: [logger.js:246:9] Customer::listAll 호출됨.
2025-08-22 15:36:48.710 - DEBUG: [logger.js:246:9] POST /customer/v1/list-all requested
2025-08-22 15:36:48.710 - DEBUG: [logger.js:246:9] PARAMS -> {}
2025-08-22 15:36:48.713 - DEBUG: [logger.js:246:9] SQL -> select id, name, age, mobile
              from test.customer
2025-08-22 15:38:46.298 - DEBUG: [logger.js:246:9] Customer::listAll 호출됨.
2025-08-22 15:38:46.299 - DEBUG: [logger.js:246:9] POST /customer/v1/list-all requested
2025-08-22 15:38:46.299 - DEBUG: [logger.js:246:9] PARAMS -> {}
2025-08-22 15:38:46.301 - DEBUG: [logger.js:246:9] SQL -> select id, name, age, mobile
              from test.customer
2025-08-22 15:44:32.576 - DEBUG: [logger.js:246:9] Customer::listAll 호출됨.
2025-08-22 15:44:32.577 - DEBUG: [logger.js:246:9] POST /customer/v1/list-all requested
2025-08-22 15:44:32.577 - DEBUG: [logger.js:246:9] PARAMS -> {}
2025-08-22 15:44:32.579 - DEBUG: [logger.js:246:9] SQL -> select id, name, age, mobile
              from test.customer
2025-08-22 15:45:53.251 - DEBUG: [logger.js:246:9] Customer::listAll 호출됨.
2025-08-22 15:45:53.252 - DEBUG: [logger.js:246:9] POST /customer/v1/list-all requested
2025-08-22 15:45:53.252 - DEBUG: [logger.js:246:9] PARAMS -> {}
2025-08-22 15:45:53.254 - DEBUG: [logger.js:246:9] SQL -> select id, name, age, mobile
              from test.customer
2025-08-22 15:46:09.035 - DEBUG: [logger.js:246:9] Customer::listAll 호출됨.
2025-08-22 15:46:09.035 - DEBUG: [logger.js:246:9] POST /customer/v1/list-all requested
2025-08-22 15:46:09.036 - DEBUG: [logger.js:246:9] PARAMS -> {}
2025-08-22 15:46:09.037 - DEBUG: [logger.js:246:9] SQL -> select id, name, age, mobile
              from test.customer
2025-08-22 15:47:01.349 - DEBUG: [logger.js:246:9] Customer::listAll 호출됨.
2025-08-22 15:47:01.349 - DEBUG: [logger.js:246:9] POST /customer/v1/list-all requested
2025-08-22 15:47:01.350 - DEBUG: [logger.js:246:9] PARAMS -> {}
2025-08-22 15:47:01.352 - DEBUG: [logger.js:246:9] SQL -> select id, name, age, mobile
              from test.customer
2025-08-22 15:47:33.442 - DEBUG: [logger.js:246:9] Customer::listAll 호출됨.
2025-08-22 15:47:33.443 - DEBUG: [logger.js:246:9] POST /customer/v1/list-all requested
2025-08-22 15:47:33.444 - DEBUG: [logger.js:246:9] PARAMS -> {}
2025-08-22 15:47:33.446 - DEBUG: [logger.js:246:9] SQL -> select id, name, age, mobile
              from test.customer
2025-08-22 15:48:24.864 - DEBUG: [logger.js:246:9] Customer::listAll 호출됨.
2025-08-22 15:48:24.865 - DEBUG: [logger.js:246:9] POST /customer/v1/list-all requested
2025-08-22 15:48:24.865 - DEBUG: [logger.js:246:9] PARAMS -> {}
2025-08-22 15:48:24.867 - DEBUG: [logger.js:246:9] SQL -> select id, name, age, mobile
              from test.customer
2025-08-22 15:49:06.536 - DEBUG: [logger.js:246:9] Customer::listAll 호출됨.
2025-08-22 15:49:06.539 - DEBUG: [logger.js:246:9] POST /customer/v1/list-all requested
2025-08-22 15:49:06.540 - DEBUG: [logger.js:246:9] PARAMS -> {}
2025-08-22 15:49:06.541 - DEBUG: [logger.js:246:9] SQL -> select id, name, age, mobile
              from test.customer
2025-08-22 15:49:11.941 - DEBUG: [logger.js:246:9] Customer::listAll 호출됨.
2025-08-22 15:49:11.941 - DEBUG: [logger.js:246:9] POST /customer/v1/list-all requested
2025-08-22 15:49:11.942 - DEBUG: [logger.js:246:9] PARAMS -> {}
2025-08-22 15:49:11.944 - DEBUG: [logger.js:246:9] SQL -> select id, name, age, mobile
              from test.customer
2025-08-22 15:49:23.386 - DEBUG: [logger.js:246:9] Customer::add 호출됨.
2025-08-22 15:49:23.386 - DEBUG: [logger.js:246:9] POST /customer/v1/add requested
2025-08-22 15:49:23.386 - DEBUG: [logger.js:246:9] PARAMS -> {}
2025-08-22 15:49:23.388 - DEBUG: [logger.js:246:9] SQL -> insert into test.customer(name, age, mobile)
              values
                  (:NAME, :AGE, :MOBILE)
2025-08-22 15:49:23.388 - DEBUG: [logger.js:246:9] Error in executing SQL -> Error: ER_PARSE_ERROR: You have an error in your SQL syntax; check the manual that corresponds to your MariaDB server version for the right syntax to use near ':NAME, :AGE, :MOBILE)' at line 3
2025-08-22 15:49:23.413 - DEBUG: [logger.js:246:9] Customer::listAll 호출됨.
2025-08-22 15:49:23.414 - DEBUG: [logger.js:246:9] POST /customer/v1/list-all requested
2025-08-22 15:49:23.415 - DEBUG: [logger.js:246:9] PARAMS -> {}
2025-08-22 15:49:23.417 - DEBUG: [logger.js:246:9] SQL -> select id, name, age, mobile
              from test.customer
2025-08-22 16:20:14.914 - DEBUG: [logger.js:246:9] Customer::listAll 호출됨.
2025-08-22 16:20:14.914 - DEBUG: [logger.js:246:9] POST /customer/v1/list-all requested
2025-08-22 16:20:14.915 - DEBUG: [logger.js:246:9] PARAMS -> {}
2025-08-22 16:20:14.917 - DEBUG: [logger.js:246:9] SQL -> select id, name, age, mobile
              from test.customer
2025-08-22 16:36:37.793 - DEBUG: [logger.js:246:9] Customer::listAll 호출됨.
2025-08-22 16:36:37.793 - DEBUG: [logger.js:246:9] POST /customer/v1/list-all requested
2025-08-22 16:36:37.794 - DEBUG: [logger.js:246:9] PARAMS -> {}
2025-08-22 16:36:37.799 - DEBUG: [logger.js:246:9] SQL -> select id, name, age, mobile
              from test.customer
2025-08-22 17:08:30.671 - DEBUG: [logger.js:246:9] Customer::add 호출됨.
2025-08-22 17:08:30.671 - DEBUG: [logger.js:246:9] POST /customer/v1/add requested
2025-08-22 17:08:30.671 - DEBUG: [logger.js:246:9] PARAMS -> {}
2025-08-22 17:08:30.672 - DEBUG: [logger.js:246:9] SQL -> insert into test.customer(name, age, mobile)
              values
                  (:NAME, :AGE, :MOBILE)
2025-08-22 17:08:30.673 - DEBUG: [logger.js:246:9] Error in executing SQL -> Error: ER_PARSE_ERROR: You have an error in your SQL syntax; check the manual that corresponds to your MariaDB server version for the right syntax to use near ':NAME, :AGE, :MOBILE)' at line 3
2025-08-22 17:08:30.714 - DEBUG: [logger.js:246:9] Customer::listAll 호출됨.
2025-08-22 17:08:30.715 - DEBUG: [logger.js:246:9] POST /customer/v1/list-all requested
2025-08-22 17:08:30.715 - DEBUG: [logger.js:246:9] PARAMS -> {}
2025-08-22 17:08:30.716 - DEBUG: [logger.js:246:9] SQL -> select id, name, age, mobile
              from test.customer
2025-08-22 17:12:56.767 - DEBUG: [logger.js:246:9] Customer::listAll 호출됨.
2025-08-22 17:12:56.770 - DEBUG: [logger.js:246:9] POST /customer/v1/list-all requested
2025-08-22 17:12:56.771 - DEBUG: [logger.js:246:9] PARAMS -> {}
2025-08-22 17:12:56.772 - DEBUG: [logger.js:246:9] SQL -> select id, name, age, mobile
              from test.customer
2025-08-22 17:13:09.220 - DEBUG: [logger.js:246:9] Customer::listAll 호출됨.
2025-08-22 17:13:09.220 - DEBUG: [logger.js:246:9] POST /customer/v1/list-all requested
2025-08-22 17:13:09.221 - DEBUG: [logger.js:246:9] PARAMS -> {}
2025-08-22 17:13:09.222 - DEBUG: [logger.js:246:9] SQL -> select id, name, age, mobile
              from test.customer
2025-08-22 17:13:21.943 - DEBUG: [logger.js:246:9] Customer::add 호출됨.
2025-08-22 17:13:21.943 - DEBUG: [logger.js:246:9] POST /customer/v1/add requested
2025-08-22 17:13:21.944 - DEBUG: [logger.js:246:9] PARAMS -> {}
2025-08-22 17:13:21.945 - DEBUG: [logger.js:246:9] SQL -> insert into test.customer(name, age, mobile)
              values
                  (:NAME, :AGE, :MOBILE)
2025-08-22 17:13:21.946 - DEBUG: [logger.js:246:9] Error in executing SQL -> Error: ER_PARSE_ERROR: You have an error in your SQL syntax; check the manual that corresponds to your MariaDB server version for the right syntax to use near ':NAME, :AGE, :MOBILE)' at line 3
2025-08-22 17:13:21.965 - DEBUG: [logger.js:246:9] Customer::listAll 호출됨.
2025-08-22 17:13:21.965 - DEBUG: [logger.js:246:9] POST /customer/v1/list-all requested
2025-08-22 17:13:21.966 - DEBUG: [logger.js:246:9] PARAMS -> {}
2025-08-22 17:13:21.967 - DEBUG: [logger.js:246:9] SQL -> select id, name, age, mobile
              from test.customer
2025-08-22 17:15:44.038 - DEBUG: [logger.js:246:9] Customer::add 호출됨.
2025-08-22 17:15:44.038 - DEBUG: [logger.js:246:9] POST /customer/v1/add requested
2025-08-22 17:15:44.038 - DEBUG: [logger.js:246:9] PARAMS -> {}
2025-08-22 17:15:44.039 - DEBUG: [logger.js:246:9] SQL -> insert into test.customer(name, age, mobile)
              values
                  (:NAME, :AGE, :MOBILE)
2025-08-22 17:15:44.039 - DEBUG: [logger.js:246:9] Error in executing SQL -> Error: ER_PARSE_ERROR: You have an error in your SQL syntax; check the manual that corresponds to your MariaDB server version for the right syntax to use near ':NAME, :AGE, :MOBILE)' at line 3
2025-08-22 17:15:44.063 - DEBUG: [logger.js:246:9] Customer::listAll 호출됨.
2025-08-22 17:15:44.066 - DEBUG: [logger.js:246:9] POST /customer/v1/list-all requested
2025-08-22 17:15:44.069 - DEBUG: [logger.js:246:9] PARAMS -> {}
2025-08-22 17:15:44.073 - DEBUG: [logger.js:246:9] SQL -> select id, name, age, mobile
              from test.customer
2025-08-22 17:18:56.831 - DEBUG: [logger.js:246:9] Customer::add 호출됨.
2025-08-22 17:18:56.832 - DEBUG: [logger.js:246:9] POST /customer/v1/add requested
2025-08-22 17:18:56.832 - DEBUG: [logger.js:246:9] PARAMS -> {"params":{"name":"박정훈","age":"25","mobile":"010-1000-1000"}}
2025-08-22 17:18:56.833 - DEBUG: [logger.js:246:9] SQL -> insert into test.customer(name, age, mobile)
              values
                  (:NAME, :AGE, :MOBILE)
2025-08-22 17:18:56.834 - DEBUG: [logger.js:246:9] Error in executing SQL -> Error: ER_PARSE_ERROR: You have an error in your SQL syntax; check the manual that corresponds to your MariaDB server version for the right syntax to use near ':NAME, :AGE, :MOBILE)' at line 3
2025-08-22 17:18:56.851 - DEBUG: [logger.js:246:9] Customer::listAll 호출됨.
2025-08-22 17:18:56.857 - DEBUG: [logger.js:246:9] POST /customer/v1/list-all requested
2025-08-22 17:18:56.859 - DEBUG: [logger.js:246:9] PARAMS -> {}
2025-08-22 17:18:56.862 - DEBUG: [logger.js:246:9] SQL -> select id, name, age, mobile
              from test.customer
2025-08-22 17:19:16.175 - DEBUG: [logger.js:246:9] Customer::listAll 호출됨.
2025-08-22 17:19:16.176 - DEBUG: [logger.js:246:9] POST /customer/v1/list-all requested
2025-08-22 17:19:16.176 - DEBUG: [logger.js:246:9] PARAMS -> {}
2025-08-22 17:19:16.178 - DEBUG: [logger.js:246:9] SQL -> select id, name, age, mobile
              from test.customer
2025-08-22 17:19:24.318 - DEBUG: [logger.js:246:9] Customer::add 호출됨.
2025-08-22 17:19:24.319 - DEBUG: [logger.js:246:9] POST /customer/v1/add requested
2025-08-22 17:19:24.319 - DEBUG: [logger.js:246:9] PARAMS -> {"name":"박정훈","age":"25","mobile":"010-1000-1000"}
2025-08-22 17:19:24.323 - DEBUG: [logger.js:246:9] SQL -> insert into test.customer(name, age, mobile)
              values
                  ('박정훈', '25', '010-1000-1000')
2025-08-22 17:19:24.342 - DEBUG: [logger.js:246:9] Customer::listAll 호출됨.
2025-08-22 17:19:24.342 - DEBUG: [logger.js:246:9] POST /customer/v1/list-all requested
2025-08-22 17:19:24.342 - DEBUG: [logger.js:246:9] PARAMS -> {}
2025-08-22 17:19:24.343 - DEBUG: [logger.js:246:9] SQL -> select id, name, age, mobile
              from test.customer
2025-08-22 19:05:36.925 - DEBUG: [logger.js:246:9] Customer::listAll 호출됨.
2025-08-22 19:05:36.926 - DEBUG: [logger.js:246:9] POST /customer/v1/list-all requested
2025-08-22 19:05:36.926 - DEBUG: [logger.js:246:9] PARAMS -> {}
2025-08-22 19:05:36.928 - DEBUG: [logger.js:246:9] SQL -> select id, name, age, mobile
              from test.customer
2025-08-22 19:05:43.596 - DEBUG: [logger.js:246:9] Customer::listAll 호출됨.
2025-08-22 19:05:43.597 - DEBUG: [logger.js:246:9] POST /customer/v1/list-all requested
2025-08-22 19:05:43.597 - DEBUG: [logger.js:246:9] PARAMS -> {}
2025-08-22 19:05:43.598 - DEBUG: [logger.js:246:9] SQL -> select id, name, age, mobile
              from test.customer
2025-08-22 19:05:48.787 - DEBUG: [logger.js:246:9] Customer::listAll 호출됨.
2025-08-22 19:05:48.787 - DEBUG: [logger.js:246:9] POST /customer/v1/list-all requested
2025-08-22 19:05:48.788 - DEBUG: [logger.js:246:9] PARAMS -> {}
2025-08-22 19:05:48.788 - DEBUG: [logger.js:246:9] SQL -> select id, name, age, mobile
              from test.customer
2025-08-22 19:05:57.203 - DEBUG: [logger.js:246:9] Customer::listAll 호출됨.
2025-08-22 19:05:57.204 - DEBUG: [logger.js:246:9] POST /customer/v1/list-all requested
2025-08-22 19:05:57.204 - DEBUG: [logger.js:246:9] PARAMS -> {}
2025-08-22 19:05:57.206 - DEBUG: [logger.js:246:9] SQL -> select id, name, age, mobile
              from test.customer
