2025-08-25 16:21:57.106 - INFO: [logger.js:246:9] service loader called.
2025-08-25 16:21:57.120 - INFO: [logger.js:246:9] controller loader called.
2025-08-25 16:21:57.120 - DEBUG: [logger.js:246:9] external_loader called.
2025-08-25 16:21:57.121 - DEBUG: [logger.js:246:9] No external configuration.
2025-08-25 16:21:57.419 - INFO: [logger.js:246:9] Http Server started.
2025-08-25 16:21:57.419 - INFO: [logger.js:246:9] Base URL -> http://localhost:8001
2025-08-25 16:21:57.420 - INFO: [logger.js:246:9] Namespace -> ::_8001_6736
2025-08-25 16:21:57.424 - DEBUG: [logger.js:246:9] database SQL file loaded.
2025-08-25 16:22:19.855 - INFO: [logger.js:246:9] service loader called.
2025-08-25 16:22:19.868 - INFO: [logger.js:246:9] controller loader called.
2025-08-25 16:22:19.868 - DEBUG: [logger.js:246:9] external_loader called.
2025-08-25 16:22:19.868 - DEBUG: [logger.js:246:9] No external configuration.
2025-08-25 16:22:20.045 - INFO: [logger.js:246:9] Http Server started.
2025-08-25 16:22:20.046 - INFO: [logger.js:246:9] Base URL -> http://localhost:8001
2025-08-25 16:22:20.047 - INFO: [logger.js:246:9] Namespace -> ::_8001_15764
2025-08-25 16:22:20.050 - DEBUG: [logger.js:246:9] database SQL file loaded.
2025-08-25 16:23:20.375 - INFO: [logger.js:246:9] service loader called.
2025-08-25 16:23:20.386 - INFO: [logger.js:246:9] controller loader called.
2025-08-25 16:23:20.386 - DEBUG: [logger.js:246:9] external_loader called.
2025-08-25 16:23:20.387 - DEBUG: [logger.js:246:9] No external configuration.
2025-08-25 16:23:20.568 - INFO: [logger.js:246:9] Http Server started.
2025-08-25 16:23:20.569 - INFO: [logger.js:246:9] Base URL -> http://localhost:8001
2025-08-25 16:23:20.570 - INFO: [logger.js:246:9] Namespace -> ::_8001_20744
2025-08-25 16:23:20.573 - DEBUG: [logger.js:246:9] database SQL file loaded.
2025-08-25 16:24:29.574 - INFO: [logger.js:246:9] service loader called.
2025-08-25 16:24:29.586 - INFO: [logger.js:246:9] controller loader called.
2025-08-25 16:24:29.586 - DEBUG: [logger.js:246:9] external_loader called.
2025-08-25 16:24:29.586 - DEBUG: [logger.js:246:9] No external configuration.
2025-08-25 16:24:29.770 - INFO: [logger.js:246:9] Http Server started.
2025-08-25 16:24:29.771 - INFO: [logger.js:246:9] Base URL -> http://localhost:8001
2025-08-25 16:24:29.772 - INFO: [logger.js:246:9] Namespace -> ::_8001_2368
2025-08-25 16:24:29.775 - DEBUG: [logger.js:246:9] database SQL file loaded.
2025-08-25 16:37:19.975 - INFO: [logger.js:246:9] service loader called.
2025-08-25 16:37:19.987 - INFO: [logger.js:246:9] controller loader called.
2025-08-25 16:37:19.987 - DEBUG: [logger.js:246:9] external_loader called.
2025-08-25 16:37:19.988 - DEBUG: [logger.js:246:9] No external configuration.
2025-08-25 16:37:20.162 - INFO: [logger.js:246:9] Http Server started.
2025-08-25 16:37:20.163 - INFO: [logger.js:246:9] Base URL -> http://localhost:8001
2025-08-25 16:37:20.163 - INFO: [logger.js:246:9] Namespace -> ::_8001_9940
2025-08-25 16:37:20.168 - DEBUG: [logger.js:246:9] database SQL file loaded.
2025-08-25 16:38:21.080 - INFO: [logger.js:246:9] service loader called.
2025-08-25 16:38:21.092 - INFO: [logger.js:246:9] controller loader called.
2025-08-25 16:38:21.093 - DEBUG: [logger.js:246:9] external_loader called.
2025-08-25 16:38:21.093 - DEBUG: [logger.js:246:9] No external configuration.
2025-08-25 16:38:21.263 - INFO: [logger.js:246:9] Http Server started.
2025-08-25 16:38:21.263 - INFO: [logger.js:246:9] Base URL -> http://localhost:8001
2025-08-25 16:38:21.264 - INFO: [logger.js:246:9] Namespace -> ::_8001_3028
2025-08-25 16:38:21.267 - DEBUG: [logger.js:246:9] database SQL file loaded.
2025-08-25 16:39:24.243 - INFO: [logger.js:246:9] service loader called.
2025-08-25 16:39:24.255 - INFO: [logger.js:246:9] controller loader called.
2025-08-25 16:39:24.255 - DEBUG: [logger.js:246:9] external_loader called.
2025-08-25 16:39:24.256 - DEBUG: [logger.js:246:9] No external configuration.
2025-08-25 16:39:24.431 - INFO: [logger.js:246:9] Http Server started.
2025-08-25 16:39:24.431 - INFO: [logger.js:246:9] Base URL -> http://localhost:8001
2025-08-25 16:39:24.432 - INFO: [logger.js:246:9] Namespace -> ::_8001_984
2025-08-25 16:39:24.437 - DEBUG: [logger.js:246:9] database SQL file loaded.
2025-08-25 16:39:54.466 - INFO: [logger.js:246:9] service loader called.
2025-08-25 16:39:54.481 - INFO: [logger.js:246:9] controller loader called.
2025-08-25 16:39:54.481 - DEBUG: [logger.js:246:9] external_loader called.
2025-08-25 16:39:54.482 - DEBUG: [logger.js:246:9] No external configuration.
2025-08-25 16:39:54.686 - INFO: [logger.js:246:9] Http Server started.
2025-08-25 16:39:54.687 - INFO: [logger.js:246:9] Base URL -> http://localhost:8001
2025-08-25 16:39:54.688 - INFO: [logger.js:246:9] Namespace -> ::_8001_13432
2025-08-25 16:39:54.692 - DEBUG: [logger.js:246:9] database SQL file loaded.
2025-08-25 16:39:59.077 - DEBUG: [logger.js:246:9] Animal::list 호출됨.
2025-08-25 16:39:59.079 - DEBUG: [logger.js:246:9] POST /animal/v1/list requested
2025-08-25 16:39:59.081 - DEBUG: [logger.js:246:9] PARAMS -> {"page":1,"perPage":10}
2025-08-25 16:39:59.115 - DEBUG: [logger.js:246:9] SQL -> select count(*) as total
                from test.animal
2025-08-25 16:39:59.118 - DEBUG: [logger.js:246:9] SQL -> select id,type, name, age, mobile, path
              from test.animal  limit 0, 10 
2025-08-25 16:40:00.177 - DEBUG: [logger.js:246:9] Animal::list 호출됨.
2025-08-25 16:40:00.177 - DEBUG: [logger.js:246:9] POST /animal/v1/list requested
2025-08-25 16:40:00.179 - DEBUG: [logger.js:246:9] PARAMS -> {"page":1,"perPage":10}
2025-08-25 16:40:00.181 - DEBUG: [logger.js:246:9] SQL -> select count(*) as total
                from test.animal
2025-08-25 16:40:00.183 - DEBUG: [logger.js:246:9] SQL -> select id,type, name, age, mobile, path
              from test.animal  limit 0, 10 
2025-08-25 16:59:18.914 - INFO: [logger.js:246:9] service loader called.
2025-08-25 16:59:18.926 - INFO: [logger.js:246:9] controller loader called.
2025-08-25 16:59:18.926 - DEBUG: [logger.js:246:9] external_loader called.
2025-08-25 16:59:18.926 - DEBUG: [logger.js:246:9] No external configuration.
2025-08-25 16:59:19.103 - INFO: [logger.js:246:9] Http Server started.
2025-08-25 16:59:19.103 - INFO: [logger.js:246:9] Base URL -> http://localhost:8001
2025-08-25 16:59:19.104 - INFO: [logger.js:246:9] Namespace -> ::_8001_10768
2025-08-25 16:59:19.107 - DEBUG: [logger.js:246:9] database SQL file loaded.
2025-08-25 16:59:23.593 - DEBUG: [logger.js:246:9] Animal::list 호출됨.
2025-08-25 16:59:23.594 - DEBUG: [logger.js:246:9] POST /animal/v1/list requested
2025-08-25 16:59:23.594 - DEBUG: [logger.js:246:9] PARAMS -> {"page":1,"perPage":10}
2025-08-25 16:59:23.619 - DEBUG: [logger.js:246:9] SQL -> select count(*) as total
                from test.animal
2025-08-25 16:59:23.620 - DEBUG: [logger.js:246:9] SQL -> select id,type, name, age, mobile, path
              from test.animal  limit 0, 10 
2025-08-25 16:59:25.408 - DEBUG: [logger.js:246:9] Animal::add 호출됨.
2025-08-25 16:59:25.409 - DEBUG: [logger.js:246:9] POST /animal/v1/add requested
2025-08-25 16:59:25.409 - DEBUG: [logger.js:246:9] PARAMS -> {"type":"","name":"","age":"","mobile":"","path":""}
2025-08-25 16:59:25.412 - DEBUG: [logger.js:246:9] SQL -> insert into test.animal(type, name, age, mobile, path)
              values
                  ('', '', '', '', '')
2025-08-25 16:59:25.412 - DEBUG: [logger.js:246:9] Error in executing SQL -> Error: ER_TRUNCATED_WRONG_VALUE_FOR_FIELD: Incorrect integer value: '' for column `test`.`animal`.`age` at row 1
2025-08-25 16:59:55.736 - DEBUG: [logger.js:246:9] Animal::list 호출됨.
2025-08-25 16:59:55.738 - DEBUG: [logger.js:246:9] POST /animal/v1/list requested
2025-08-25 16:59:55.739 - DEBUG: [logger.js:246:9] PARAMS -> {"page":1,"perPage":10}
2025-08-25 16:59:55.743 - DEBUG: [logger.js:246:9] SQL -> select count(*) as total
                from test.animal
2025-08-25 16:59:55.746 - DEBUG: [logger.js:246:9] SQL -> select id,type, name, age, mobile, path
              from test.animal  limit 0, 10 
2025-08-25 17:07:47.524 - DEBUG: [logger.js:246:9] Animal::list 호출됨.
2025-08-25 17:07:47.525 - DEBUG: [logger.js:246:9] POST /animal/v1/list requested
2025-08-25 17:07:47.525 - DEBUG: [logger.js:246:9] PARAMS -> {"page":1,"perPage":10}
2025-08-25 17:07:47.527 - DEBUG: [logger.js:246:9] SQL -> select count(*) as total
                from test.animal
2025-08-25 17:07:47.529 - DEBUG: [logger.js:246:9] SQL -> select id,type, name, age, mobile, path
              from test.animal  limit 0, 10 
2025-08-25 17:08:14.541 - DEBUG: [logger.js:246:9] Animal::add 호출됨.
2025-08-25 17:08:14.541 - DEBUG: [logger.js:246:9] POST /animal/v1/add requested
2025-08-25 17:08:14.542 - DEBUG: [logger.js:246:9] PARAMS -> {"type":"cat","name":"고양이3","age":"5","mobile":"010-5000-5000","path":"/images/cat2.jpg"}
2025-08-25 17:08:14.545 - DEBUG: [logger.js:246:9] SQL -> insert into test.animal(type, name, age, mobile, path)
              values
                  ('cat', '고양이3', '5', '010-5000-5000', '/images/cat2.jpg')
2025-08-25 17:08:15.379 - DEBUG: [logger.js:246:9] Animal::add 호출됨.
2025-08-25 17:08:15.379 - DEBUG: [logger.js:246:9] POST /animal/v1/add requested
2025-08-25 17:08:15.380 - DEBUG: [logger.js:246:9] PARAMS -> {"type":"cat","name":"고양이3","age":"5","mobile":"010-5000-5000","path":"/images/cat2.jpg"}
2025-08-25 17:08:15.390 - DEBUG: [logger.js:246:9] SQL -> insert into test.animal(type, name, age, mobile, path)
              values
                  ('cat', '고양이3', '5', '010-5000-5000', '/images/cat2.jpg')
2025-08-25 17:08:15.715 - DEBUG: [logger.js:246:9] Animal::add 호출됨.
2025-08-25 17:08:15.715 - DEBUG: [logger.js:246:9] POST /animal/v1/add requested
2025-08-25 17:08:15.716 - DEBUG: [logger.js:246:9] PARAMS -> {"type":"cat","name":"고양이3","age":"5","mobile":"010-5000-5000","path":"/images/cat2.jpg"}
2025-08-25 17:08:15.718 - DEBUG: [logger.js:246:9] SQL -> insert into test.animal(type, name, age, mobile, path)
              values
                  ('cat', '고양이3', '5', '010-5000-5000', '/images/cat2.jpg')
2025-08-25 17:08:16.035 - DEBUG: [logger.js:246:9] Animal::add 호출됨.
2025-08-25 17:08:16.035 - DEBUG: [logger.js:246:9] POST /animal/v1/add requested
2025-08-25 17:08:16.036 - DEBUG: [logger.js:246:9] PARAMS -> {"type":"cat","name":"고양이3","age":"5","mobile":"010-5000-5000","path":"/images/cat2.jpg"}
2025-08-25 17:08:16.038 - DEBUG: [logger.js:246:9] SQL -> insert into test.animal(type, name, age, mobile, path)
              values
                  ('cat', '고양이3', '5', '010-5000-5000', '/images/cat2.jpg')
2025-08-25 17:08:16.203 - DEBUG: [logger.js:246:9] Animal::add 호출됨.
2025-08-25 17:08:16.204 - DEBUG: [logger.js:246:9] POST /animal/v1/add requested
2025-08-25 17:08:16.204 - DEBUG: [logger.js:246:9] PARAMS -> {"type":"cat","name":"고양이3","age":"5","mobile":"010-5000-5000","path":"/images/cat2.jpg"}
2025-08-25 17:08:16.207 - DEBUG: [logger.js:246:9] SQL -> insert into test.animal(type, name, age, mobile, path)
              values
                  ('cat', '고양이3', '5', '010-5000-5000', '/images/cat2.jpg')
2025-08-25 17:08:16.331 - DEBUG: [logger.js:246:9] Animal::add 호출됨.
2025-08-25 17:08:16.331 - DEBUG: [logger.js:246:9] POST /animal/v1/add requested
2025-08-25 17:08:16.332 - DEBUG: [logger.js:246:9] PARAMS -> {"type":"cat","name":"고양이3","age":"5","mobile":"010-5000-5000","path":"/images/cat2.jpg"}
2025-08-25 17:08:16.334 - DEBUG: [logger.js:246:9] SQL -> insert into test.animal(type, name, age, mobile, path)
              values
                  ('cat', '고양이3', '5', '010-5000-5000', '/images/cat2.jpg')
2025-08-25 17:08:16.499 - DEBUG: [logger.js:246:9] Animal::add 호출됨.
2025-08-25 17:08:16.499 - DEBUG: [logger.js:246:9] POST /animal/v1/add requested
2025-08-25 17:08:16.500 - DEBUG: [logger.js:246:9] PARAMS -> {"type":"cat","name":"고양이3","age":"5","mobile":"010-5000-5000","path":"/images/cat2.jpg"}
2025-08-25 17:08:16.502 - DEBUG: [logger.js:246:9] SQL -> insert into test.animal(type, name, age, mobile, path)
              values
                  ('cat', '고양이3', '5', '010-5000-5000', '/images/cat2.jpg')
2025-08-25 17:08:16.675 - DEBUG: [logger.js:246:9] Animal::add 호출됨.
2025-08-25 17:08:16.675 - DEBUG: [logger.js:246:9] POST /animal/v1/add requested
2025-08-25 17:08:16.676 - DEBUG: [logger.js:246:9] PARAMS -> {"type":"cat","name":"고양이3","age":"5","mobile":"010-5000-5000","path":"/images/cat2.jpg"}
2025-08-25 17:08:16.679 - DEBUG: [logger.js:246:9] SQL -> insert into test.animal(type, name, age, mobile, path)
              values
                  ('cat', '고양이3', '5', '010-5000-5000', '/images/cat2.jpg')
2025-08-25 17:09:39.595 - DEBUG: [logger.js:246:9] Animal::list 호출됨.
2025-08-25 17:09:39.595 - DEBUG: [logger.js:246:9] POST /animal/v1/list requested
2025-08-25 17:09:39.596 - DEBUG: [logger.js:246:9] PARAMS -> {"page":1,"perPage":10}
2025-08-25 17:09:39.597 - DEBUG: [logger.js:246:9] SQL -> select count(*) as total
                from test.animal
2025-08-25 17:09:39.598 - DEBUG: [logger.js:246:9] SQL -> select id,type, name, age, mobile, path
              from test.animal  limit 0, 10 
2025-08-25 17:10:10.998 - DEBUG: [logger.js:246:9] Animal::add 호출됨.
2025-08-25 17:10:10.998 - DEBUG: [logger.js:246:9] POST /animal/v1/add requested
2025-08-25 17:10:10.999 - DEBUG: [logger.js:246:9] PARAMS -> {"type":"cat","name":"고양이3","age":"6","mobile":"010-6000-6000","path":"/images/cat2.jpg"}
2025-08-25 17:10:11.008 - DEBUG: [logger.js:246:9] SQL -> insert into test.animal(type, name, age, mobile, path)
              values
                  ('cat', '고양이3', '6', '010-6000-6000', '/images/cat2.jpg')
2025-08-25 17:10:11.468 - DEBUG: [logger.js:246:9] Animal::add 호출됨.
2025-08-25 17:10:11.468 - DEBUG: [logger.js:246:9] POST /animal/v1/add requested
2025-08-25 17:10:11.469 - DEBUG: [logger.js:246:9] PARAMS -> {"type":"cat","name":"고양이3","age":"6","mobile":"010-6000-6000","path":"/images/cat2.jpg"}
2025-08-25 17:10:11.473 - DEBUG: [logger.js:246:9] SQL -> insert into test.animal(type, name, age, mobile, path)
              values
                  ('cat', '고양이3', '6', '010-6000-6000', '/images/cat2.jpg')
2025-08-25 17:10:11.603 - DEBUG: [logger.js:246:9] Animal::add 호출됨.
2025-08-25 17:10:11.604 - DEBUG: [logger.js:246:9] POST /animal/v1/add requested
2025-08-25 17:10:11.604 - DEBUG: [logger.js:246:9] PARAMS -> {"type":"cat","name":"고양이3","age":"6","mobile":"010-6000-6000","path":"/images/cat2.jpg"}
2025-08-25 17:10:11.606 - DEBUG: [logger.js:246:9] SQL -> insert into test.animal(type, name, age, mobile, path)
              values
                  ('cat', '고양이3', '6', '010-6000-6000', '/images/cat2.jpg')
2025-08-25 17:10:11.763 - DEBUG: [logger.js:246:9] Animal::add 호출됨.
2025-08-25 17:10:11.763 - DEBUG: [logger.js:246:9] POST /animal/v1/add requested
2025-08-25 17:10:11.764 - DEBUG: [logger.js:246:9] PARAMS -> {"type":"cat","name":"고양이3","age":"6","mobile":"010-6000-6000","path":"/images/cat2.jpg"}
2025-08-25 17:10:11.766 - DEBUG: [logger.js:246:9] SQL -> insert into test.animal(type, name, age, mobile, path)
              values
                  ('cat', '고양이3', '6', '010-6000-6000', '/images/cat2.jpg')
2025-08-25 17:10:11.899 - DEBUG: [logger.js:246:9] Animal::add 호출됨.
2025-08-25 17:10:11.899 - DEBUG: [logger.js:246:9] POST /animal/v1/add requested
2025-08-25 17:10:11.900 - DEBUG: [logger.js:246:9] PARAMS -> {"type":"cat","name":"고양이3","age":"6","mobile":"010-6000-6000","path":"/images/cat2.jpg"}
2025-08-25 17:10:11.902 - DEBUG: [logger.js:246:9] SQL -> insert into test.animal(type, name, age, mobile, path)
              values
                  ('cat', '고양이3', '6', '010-6000-6000', '/images/cat2.jpg')
2025-08-25 17:10:12.043 - DEBUG: [logger.js:246:9] Animal::add 호출됨.
2025-08-25 17:10:12.043 - DEBUG: [logger.js:246:9] POST /animal/v1/add requested
2025-08-25 17:10:12.044 - DEBUG: [logger.js:246:9] PARAMS -> {"type":"cat","name":"고양이3","age":"6","mobile":"010-6000-6000","path":"/images/cat2.jpg"}
2025-08-25 17:10:12.046 - DEBUG: [logger.js:246:9] SQL -> insert into test.animal(type, name, age, mobile, path)
              values
                  ('cat', '고양이3', '6', '010-6000-6000', '/images/cat2.jpg')
2025-08-25 17:10:12.179 - DEBUG: [logger.js:246:9] Animal::add 호출됨.
2025-08-25 17:10:12.179 - DEBUG: [logger.js:246:9] POST /animal/v1/add requested
2025-08-25 17:10:12.180 - DEBUG: [logger.js:246:9] PARAMS -> {"type":"cat","name":"고양이3","age":"6","mobile":"010-6000-6000","path":"/images/cat2.jpg"}
2025-08-25 17:10:12.182 - DEBUG: [logger.js:246:9] SQL -> insert into test.animal(type, name, age, mobile, path)
              values
                  ('cat', '고양이3', '6', '010-6000-6000', '/images/cat2.jpg')
2025-08-25 17:10:12.323 - DEBUG: [logger.js:246:9] Animal::add 호출됨.
2025-08-25 17:10:12.323 - DEBUG: [logger.js:246:9] POST /animal/v1/add requested
2025-08-25 17:10:12.324 - DEBUG: [logger.js:246:9] PARAMS -> {"type":"cat","name":"고양이3","age":"6","mobile":"010-6000-6000","path":"/images/cat2.jpg"}
2025-08-25 17:10:12.326 - DEBUG: [logger.js:246:9] SQL -> insert into test.animal(type, name, age, mobile, path)
              values
                  ('cat', '고양이3', '6', '010-6000-6000', '/images/cat2.jpg')
2025-08-25 17:10:12.459 - DEBUG: [logger.js:246:9] Animal::add 호출됨.
2025-08-25 17:10:12.460 - DEBUG: [logger.js:246:9] POST /animal/v1/add requested
2025-08-25 17:10:12.460 - DEBUG: [logger.js:246:9] PARAMS -> {"type":"cat","name":"고양이3","age":"6","mobile":"010-6000-6000","path":"/images/cat2.jpg"}
2025-08-25 17:10:12.462 - DEBUG: [logger.js:246:9] SQL -> insert into test.animal(type, name, age, mobile, path)
              values
                  ('cat', '고양이3', '6', '010-6000-6000', '/images/cat2.jpg')
2025-08-25 17:10:15.620 - DEBUG: [logger.js:246:9] Animal::add 호출됨.
2025-08-25 17:10:15.620 - DEBUG: [logger.js:246:9] POST /animal/v1/add requested
2025-08-25 17:10:15.621 - DEBUG: [logger.js:246:9] PARAMS -> {"type":"cat","name":"고양이3","age":"6","mobile":"010-6000-6000","path":"/images/cat2.jpg"}
2025-08-25 17:10:15.631 - DEBUG: [logger.js:246:9] SQL -> insert into test.animal(type, name, age, mobile, path)
              values
                  ('cat', '고양이3', '6', '010-6000-6000', '/images/cat2.jpg')
2025-08-25 17:10:16.476 - DEBUG: [logger.js:246:9] Animal::add 호출됨.
2025-08-25 17:10:16.477 - DEBUG: [logger.js:246:9] POST /animal/v1/add requested
2025-08-25 17:10:16.477 - DEBUG: [logger.js:246:9] PARAMS -> {"type":"cat","name":"고양이3","age":"6","mobile":"010-6000-6000","path":"/images/cat2.jpg"}
2025-08-25 17:10:16.481 - DEBUG: [logger.js:246:9] SQL -> insert into test.animal(type, name, age, mobile, path)
              values
                  ('cat', '고양이3', '6', '010-6000-6000', '/images/cat2.jpg')
2025-08-25 17:12:36.562 - DEBUG: [logger.js:246:9] Animal::list 호출됨.
2025-08-25 17:12:36.562 - DEBUG: [logger.js:246:9] POST /animal/v1/list requested
2025-08-25 17:12:36.562 - DEBUG: [logger.js:246:9] PARAMS -> {"page":1,"perPage":10}
2025-08-25 17:12:36.563 - DEBUG: [logger.js:246:9] SQL -> select count(*) as total
                from test.animal
2025-08-25 17:12:36.564 - DEBUG: [logger.js:246:9] SQL -> select id,type, name, age, mobile, path
              from test.animal  limit 0, 10 
2025-08-25 17:12:38.733 - DEBUG: [logger.js:246:9] Animal::remove 호출됨.
2025-08-25 17:12:38.733 - DEBUG: [logger.js:246:9] POST /animal/v1/remove requested
2025-08-25 17:12:38.734 - DEBUG: [logger.js:246:9] PARAMS -> {"id":2}
2025-08-25 17:12:38.736 - DEBUG: [logger.js:246:9] SQL -> delete from test.animal
              where id = '2' 
2025-08-25 17:12:38.739 - DEBUG: [logger.js:246:9] Animal::list 호출됨.
2025-08-25 17:12:38.740 - DEBUG: [logger.js:246:9] POST /animal/v1/list requested
2025-08-25 17:12:38.740 - DEBUG: [logger.js:246:9] PARAMS -> {"page":1,"perPage":10}
2025-08-25 17:12:38.741 - DEBUG: [logger.js:246:9] SQL -> select count(*) as total
                from test.animal
2025-08-25 17:12:38.742 - DEBUG: [logger.js:246:9] SQL -> select id,type, name, age, mobile, path
              from test.animal  limit 0, 10 
2025-08-25 17:12:39.843 - DEBUG: [logger.js:246:9] Animal::remove 호출됨.
2025-08-25 17:12:39.843 - DEBUG: [logger.js:246:9] POST /animal/v1/remove requested
2025-08-25 17:12:39.844 - DEBUG: [logger.js:246:9] PARAMS -> {"id":3}
2025-08-25 17:12:39.846 - DEBUG: [logger.js:246:9] SQL -> delete from test.animal
              where id = '3' 
2025-08-25 17:12:39.849 - DEBUG: [logger.js:246:9] Animal::list 호출됨.
2025-08-25 17:12:39.850 - DEBUG: [logger.js:246:9] POST /animal/v1/list requested
2025-08-25 17:12:39.850 - DEBUG: [logger.js:246:9] PARAMS -> {"page":1,"perPage":10}
2025-08-25 17:12:39.851 - DEBUG: [logger.js:246:9] SQL -> select count(*) as total
                from test.animal
2025-08-25 17:12:39.853 - DEBUG: [logger.js:246:9] SQL -> select id,type, name, age, mobile, path
              from test.animal  limit 0, 10 
2025-08-25 17:12:40.346 - DEBUG: [logger.js:246:9] Animal::remove 호출됨.
2025-08-25 17:12:40.347 - DEBUG: [logger.js:246:9] POST /animal/v1/remove requested
2025-08-25 17:12:40.347 - DEBUG: [logger.js:246:9] PARAMS -> {"id":4}
2025-08-25 17:12:40.356 - DEBUG: [logger.js:246:9] SQL -> delete from test.animal
              where id = '4' 
2025-08-25 17:12:40.359 - DEBUG: [logger.js:246:9] Animal::list 호출됨.
2025-08-25 17:12:40.359 - DEBUG: [logger.js:246:9] POST /animal/v1/list requested
2025-08-25 17:12:40.360 - DEBUG: [logger.js:246:9] PARAMS -> {"page":1,"perPage":10}
2025-08-25 17:12:40.360 - DEBUG: [logger.js:246:9] SQL -> select count(*) as total
                from test.animal
2025-08-25 17:12:40.361 - DEBUG: [logger.js:246:9] SQL -> select id,type, name, age, mobile, path
              from test.animal  limit 0, 10 
2025-08-25 17:12:40.859 - DEBUG: [logger.js:246:9] Animal::remove 호출됨.
2025-08-25 17:12:40.859 - DEBUG: [logger.js:246:9] POST /animal/v1/remove requested
2025-08-25 17:12:40.860 - DEBUG: [logger.js:246:9] PARAMS -> {"id":5}
2025-08-25 17:12:40.869 - DEBUG: [logger.js:246:9] SQL -> delete from test.animal
              where id = '5' 
2025-08-25 17:12:40.872 - DEBUG: [logger.js:246:9] Animal::list 호출됨.
2025-08-25 17:12:40.872 - DEBUG: [logger.js:246:9] POST /animal/v1/list requested
2025-08-25 17:12:40.872 - DEBUG: [logger.js:246:9] PARAMS -> {"page":1,"perPage":10}
2025-08-25 17:12:40.874 - DEBUG: [logger.js:246:9] SQL -> select count(*) as total
                from test.animal
2025-08-25 17:12:40.874 - DEBUG: [logger.js:246:9] SQL -> select id,type, name, age, mobile, path
              from test.animal  limit 0, 10 
2025-08-25 17:12:41.283 - DEBUG: [logger.js:246:9] Animal::remove 호출됨.
2025-08-25 17:12:41.283 - DEBUG: [logger.js:246:9] POST /animal/v1/remove requested
2025-08-25 17:12:41.284 - DEBUG: [logger.js:246:9] PARAMS -> {"id":6}
2025-08-25 17:12:41.293 - DEBUG: [logger.js:246:9] SQL -> delete from test.animal
              where id = '6' 
2025-08-25 17:12:41.296 - DEBUG: [logger.js:246:9] Animal::list 호출됨.
2025-08-25 17:12:41.296 - DEBUG: [logger.js:246:9] POST /animal/v1/list requested
2025-08-25 17:12:41.297 - DEBUG: [logger.js:246:9] PARAMS -> {"page":1,"perPage":10}
2025-08-25 17:12:41.298 - DEBUG: [logger.js:246:9] SQL -> select count(*) as total
                from test.animal
2025-08-25 17:12:41.299 - DEBUG: [logger.js:246:9] SQL -> select id,type, name, age, mobile, path
              from test.animal  limit 0, 10 
2025-08-25 17:12:41.650 - DEBUG: [logger.js:246:9] Animal::remove 호출됨.
2025-08-25 17:12:41.651 - DEBUG: [logger.js:246:9] POST /animal/v1/remove requested
2025-08-25 17:12:41.651 - DEBUG: [logger.js:246:9] PARAMS -> {"id":7}
2025-08-25 17:12:41.660 - DEBUG: [logger.js:246:9] SQL -> delete from test.animal
              where id = '7' 
2025-08-25 17:12:41.663 - DEBUG: [logger.js:246:9] Animal::list 호출됨.
2025-08-25 17:12:41.663 - DEBUG: [logger.js:246:9] POST /animal/v1/list requested
2025-08-25 17:12:41.664 - DEBUG: [logger.js:246:9] PARAMS -> {"page":1,"perPage":10}
2025-08-25 17:12:41.664 - DEBUG: [logger.js:246:9] SQL -> select count(*) as total
                from test.animal
2025-08-25 17:12:41.665 - DEBUG: [logger.js:246:9] SQL -> select id,type, name, age, mobile, path
              from test.animal  limit 0, 10 
2025-08-25 17:12:41.876 - DEBUG: [logger.js:246:9] Animal::remove 호출됨.
2025-08-25 17:12:41.876 - DEBUG: [logger.js:246:9] POST /animal/v1/remove requested
2025-08-25 17:12:41.877 - DEBUG: [logger.js:246:9] PARAMS -> {"id":8}
2025-08-25 17:12:41.879 - DEBUG: [logger.js:246:9] SQL -> delete from test.animal
              where id = '8' 
2025-08-25 17:12:41.881 - DEBUG: [logger.js:246:9] Animal::list 호출됨.
2025-08-25 17:12:41.881 - DEBUG: [logger.js:246:9] POST /animal/v1/list requested
2025-08-25 17:12:41.882 - DEBUG: [logger.js:246:9] PARAMS -> {"page":1,"perPage":10}
2025-08-25 17:12:41.882 - DEBUG: [logger.js:246:9] SQL -> select count(*) as total
                from test.animal
2025-08-25 17:12:41.883 - DEBUG: [logger.js:246:9] SQL -> select id,type, name, age, mobile, path
              from test.animal  limit 0, 10 
2025-08-25 17:12:42.963 - DEBUG: [logger.js:246:9] Animal::remove 호출됨.
2025-08-25 17:12:42.963 - DEBUG: [logger.js:246:9] POST /animal/v1/remove requested
2025-08-25 17:12:42.964 - DEBUG: [logger.js:246:9] PARAMS -> {"id":10}
2025-08-25 17:12:42.968 - DEBUG: [logger.js:246:9] SQL -> delete from test.animal
              where id = '10' 
2025-08-25 17:12:42.971 - DEBUG: [logger.js:246:9] Animal::list 호출됨.
2025-08-25 17:12:42.971 - DEBUG: [logger.js:246:9] POST /animal/v1/list requested
2025-08-25 17:12:42.972 - DEBUG: [logger.js:246:9] PARAMS -> {"page":1,"perPage":10}
2025-08-25 17:12:42.973 - DEBUG: [logger.js:246:9] SQL -> select count(*) as total
                from test.animal
2025-08-25 17:12:42.974 - DEBUG: [logger.js:246:9] SQL -> select id,type, name, age, mobile, path
              from test.animal  limit 0, 10 
2025-08-25 17:12:43.098 - DEBUG: [logger.js:246:9] Animal::remove 호출됨.
2025-08-25 17:12:43.099 - DEBUG: [logger.js:246:9] POST /animal/v1/remove requested
2025-08-25 17:12:43.099 - DEBUG: [logger.js:246:9] PARAMS -> {"id":11}
2025-08-25 17:12:43.101 - DEBUG: [logger.js:246:9] SQL -> delete from test.animal
              where id = '11' 
2025-08-25 17:12:43.103 - DEBUG: [logger.js:246:9] Animal::list 호출됨.
2025-08-25 17:12:43.104 - DEBUG: [logger.js:246:9] POST /animal/v1/list requested
2025-08-25 17:12:43.104 - DEBUG: [logger.js:246:9] PARAMS -> {"page":1,"perPage":10}
2025-08-25 17:12:43.105 - DEBUG: [logger.js:246:9] SQL -> select count(*) as total
                from test.animal
2025-08-25 17:12:43.106 - DEBUG: [logger.js:246:9] SQL -> select id,type, name, age, mobile, path
              from test.animal  limit 0, 10 
2025-08-25 17:12:43.266 - DEBUG: [logger.js:246:9] Animal::remove 호출됨.
2025-08-25 17:12:43.267 - DEBUG: [logger.js:246:9] POST /animal/v1/remove requested
2025-08-25 17:12:43.267 - DEBUG: [logger.js:246:9] PARAMS -> {"id":12}
2025-08-25 17:12:43.270 - DEBUG: [logger.js:246:9] SQL -> delete from test.animal
              where id = '12' 
2025-08-25 17:12:43.273 - DEBUG: [logger.js:246:9] Animal::list 호출됨.
2025-08-25 17:12:43.273 - DEBUG: [logger.js:246:9] POST /animal/v1/list requested
2025-08-25 17:12:43.274 - DEBUG: [logger.js:246:9] PARAMS -> {"page":1,"perPage":10}
2025-08-25 17:12:43.275 - DEBUG: [logger.js:246:9] SQL -> select count(*) as total
                from test.animal
2025-08-25 17:12:43.276 - DEBUG: [logger.js:246:9] SQL -> select id,type, name, age, mobile, path
              from test.animal  limit 0, 10 
2025-08-25 17:12:47.669 - DEBUG: [logger.js:246:9] Animal::remove 호출됨.
2025-08-25 17:12:47.669 - DEBUG: [logger.js:246:9] POST /animal/v1/remove requested
2025-08-25 17:12:47.670 - DEBUG: [logger.js:246:9] PARAMS -> {"id":16}
2025-08-25 17:12:47.673 - DEBUG: [logger.js:246:9] SQL -> delete from test.animal
              where id = '16' 
2025-08-25 17:12:47.677 - DEBUG: [logger.js:246:9] Animal::list 호출됨.
2025-08-25 17:12:47.677 - DEBUG: [logger.js:246:9] POST /animal/v1/list requested
2025-08-25 17:12:47.678 - DEBUG: [logger.js:246:9] PARAMS -> {"page":1,"perPage":10}
2025-08-25 17:12:47.679 - DEBUG: [logger.js:246:9] SQL -> select count(*) as total
                from test.animal
2025-08-25 17:12:47.680 - DEBUG: [logger.js:246:9] SQL -> select id,type, name, age, mobile, path
              from test.animal  limit 0, 10 
2025-08-25 17:12:47.850 - DEBUG: [logger.js:246:9] Animal::remove 호출됨.
2025-08-25 17:12:47.851 - DEBUG: [logger.js:246:9] POST /animal/v1/remove requested
2025-08-25 17:12:47.851 - DEBUG: [logger.js:246:9] PARAMS -> {"id":17}
2025-08-25 17:12:47.853 - DEBUG: [logger.js:246:9] SQL -> delete from test.animal
              where id = '17' 
2025-08-25 17:12:47.856 - DEBUG: [logger.js:246:9] Animal::list 호출됨.
2025-08-25 17:12:47.856 - DEBUG: [logger.js:246:9] POST /animal/v1/list requested
2025-08-25 17:12:47.856 - DEBUG: [logger.js:246:9] PARAMS -> {"page":1,"perPage":10}
2025-08-25 17:12:47.857 - DEBUG: [logger.js:246:9] SQL -> select count(*) as total
                from test.animal
2025-08-25 17:12:47.858 - DEBUG: [logger.js:246:9] SQL -> select id,type, name, age, mobile, path
              from test.animal  limit 0, 10 
2025-08-25 17:12:47.987 - DEBUG: [logger.js:246:9] Animal::remove 호출됨.
2025-08-25 17:12:47.987 - DEBUG: [logger.js:246:9] POST /animal/v1/remove requested
2025-08-25 17:12:47.987 - DEBUG: [logger.js:246:9] PARAMS -> {"id":18}
2025-08-25 17:12:47.989 - DEBUG: [logger.js:246:9] SQL -> delete from test.animal
              where id = '18' 
2025-08-25 17:12:47.991 - DEBUG: [logger.js:246:9] Animal::list 호출됨.
2025-08-25 17:12:47.992 - DEBUG: [logger.js:246:9] POST /animal/v1/list requested
2025-08-25 17:12:47.992 - DEBUG: [logger.js:246:9] PARAMS -> {"page":1,"perPage":10}
2025-08-25 17:12:47.992 - DEBUG: [logger.js:246:9] SQL -> select count(*) as total
                from test.animal
2025-08-25 17:12:47.993 - DEBUG: [logger.js:246:9] SQL -> select id,type, name, age, mobile, path
              from test.animal  limit 0, 10 
2025-08-25 17:12:48.106 - DEBUG: [logger.js:246:9] Animal::remove 호출됨.
2025-08-25 17:12:48.107 - DEBUG: [logger.js:246:9] POST /animal/v1/remove requested
2025-08-25 17:12:48.107 - DEBUG: [logger.js:246:9] PARAMS -> {"id":19}
2025-08-25 17:12:48.109 - DEBUG: [logger.js:246:9] SQL -> delete from test.animal
              where id = '19' 
2025-08-25 17:12:48.113 - DEBUG: [logger.js:246:9] Animal::list 호출됨.
2025-08-25 17:12:48.113 - DEBUG: [logger.js:246:9] POST /animal/v1/list requested
2025-08-25 17:12:48.113 - DEBUG: [logger.js:246:9] PARAMS -> {"page":1,"perPage":10}
2025-08-25 17:12:48.115 - DEBUG: [logger.js:246:9] SQL -> select count(*) as total
                from test.animal
2025-08-25 17:12:48.116 - DEBUG: [logger.js:246:9] SQL -> select id,type, name, age, mobile, path
              from test.animal  limit 0, 10 
2025-08-25 17:12:48.251 - DEBUG: [logger.js:246:9] Animal::remove 호출됨.
2025-08-25 17:12:48.251 - DEBUG: [logger.js:246:9] POST /animal/v1/remove requested
2025-08-25 17:12:48.251 - DEBUG: [logger.js:246:9] PARAMS -> {"id":20}
2025-08-25 17:12:48.254 - DEBUG: [logger.js:246:9] SQL -> delete from test.animal
              where id = '20' 
2025-08-25 17:12:48.257 - DEBUG: [logger.js:246:9] Animal::list 호출됨.
2025-08-25 17:12:48.257 - DEBUG: [logger.js:246:9] POST /animal/v1/list requested
2025-08-25 17:12:48.257 - DEBUG: [logger.js:246:9] PARAMS -> {"page":1,"perPage":10}
2025-08-25 17:12:48.258 - DEBUG: [logger.js:246:9] SQL -> select count(*) as total
                from test.animal
2025-08-25 17:12:48.259 - DEBUG: [logger.js:246:9] SQL -> select id,type, name, age, mobile, path
              from test.animal  limit 0, 10 
2025-08-25 17:12:48.378 - DEBUG: [logger.js:246:9] Animal::remove 호출됨.
2025-08-25 17:12:48.379 - DEBUG: [logger.js:246:9] POST /animal/v1/remove requested
2025-08-25 17:12:48.379 - DEBUG: [logger.js:246:9] PARAMS -> {"id":21}
2025-08-25 17:12:48.382 - DEBUG: [logger.js:246:9] SQL -> delete from test.animal
              where id = '21' 
2025-08-25 17:12:48.386 - DEBUG: [logger.js:246:9] Animal::list 호출됨.
2025-08-25 17:12:48.386 - DEBUG: [logger.js:246:9] POST /animal/v1/list requested
2025-08-25 17:12:48.387 - DEBUG: [logger.js:246:9] PARAMS -> {"page":1,"perPage":10}
2025-08-25 17:12:48.388 - DEBUG: [logger.js:246:9] SQL -> select count(*) as total
                from test.animal
2025-08-25 17:12:48.388 - DEBUG: [logger.js:246:9] SQL -> select id,type, name, age, mobile, path
              from test.animal  limit 0, 10 
2025-08-25 17:12:48.506 - DEBUG: [logger.js:246:9] Animal::remove 호출됨.
2025-08-25 17:12:48.507 - DEBUG: [logger.js:246:9] POST /animal/v1/remove requested
2025-08-25 17:12:48.507 - DEBUG: [logger.js:246:9] PARAMS -> {"id":22}
2025-08-25 17:12:48.509 - DEBUG: [logger.js:246:9] SQL -> delete from test.animal
              where id = '22' 
2025-08-25 17:12:48.512 - DEBUG: [logger.js:246:9] Animal::list 호출됨.
2025-08-25 17:12:48.513 - DEBUG: [logger.js:246:9] POST /animal/v1/list requested
2025-08-25 17:12:48.513 - DEBUG: [logger.js:246:9] PARAMS -> {"page":1,"perPage":10}
2025-08-25 17:12:48.514 - DEBUG: [logger.js:246:9] SQL -> select count(*) as total
                from test.animal
2025-08-25 17:12:48.515 - DEBUG: [logger.js:246:9] SQL -> select id,type, name, age, mobile, path
              from test.animal  limit 0, 10 
2025-08-25 17:12:49.490 - DEBUG: [logger.js:246:9] Animal::remove 호출됨.
2025-08-25 17:12:49.490 - DEBUG: [logger.js:246:9] POST /animal/v1/remove requested
2025-08-25 17:12:49.491 - DEBUG: [logger.js:246:9] PARAMS -> {"id":23}
2025-08-25 17:12:49.500 - DEBUG: [logger.js:246:9] SQL -> delete from test.animal
              where id = '23' 
2025-08-25 17:12:49.502 - DEBUG: [logger.js:246:9] Animal::list 호출됨.
2025-08-25 17:12:49.503 - DEBUG: [logger.js:246:9] POST /animal/v1/list requested
2025-08-25 17:12:49.503 - DEBUG: [logger.js:246:9] PARAMS -> {"page":1,"perPage":10}
2025-08-25 17:12:49.504 - DEBUG: [logger.js:246:9] SQL -> select count(*) as total
                from test.animal
2025-08-25 17:12:49.504 - DEBUG: [logger.js:246:9] SQL -> select id,type, name, age, mobile, path
              from test.animal  limit 0, 10 
2025-08-25 17:12:50.723 - DEBUG: [logger.js:246:9] Animal::remove 호출됨.
2025-08-25 17:12:50.723 - DEBUG: [logger.js:246:9] POST /animal/v1/remove requested
2025-08-25 17:12:50.723 - DEBUG: [logger.js:246:9] PARAMS -> {"id":14}
2025-08-25 17:12:50.733 - DEBUG: [logger.js:246:9] SQL -> delete from test.animal
              where id = '14' 
2025-08-25 17:12:50.736 - DEBUG: [logger.js:246:9] Animal::list 호출됨.
2025-08-25 17:12:50.737 - DEBUG: [logger.js:246:9] POST /animal/v1/list requested
2025-08-25 17:12:50.737 - DEBUG: [logger.js:246:9] PARAMS -> {"page":1,"perPage":10}
2025-08-25 17:12:50.739 - DEBUG: [logger.js:246:9] SQL -> select count(*) as total
                from test.animal
2025-08-25 17:12:50.740 - DEBUG: [logger.js:246:9] SQL -> select id,type, name, age, mobile, path
              from test.animal  limit 0, 10 
2025-08-25 17:12:51.474 - DEBUG: [logger.js:246:9] Animal::remove 호출됨.
2025-08-25 17:12:51.474 - DEBUG: [logger.js:246:9] POST /animal/v1/remove requested
2025-08-25 17:12:51.475 - DEBUG: [logger.js:246:9] PARAMS -> {"id":15}
2025-08-25 17:12:51.477 - DEBUG: [logger.js:246:9] SQL -> delete from test.animal
              where id = '15' 
2025-08-25 17:12:51.480 - DEBUG: [logger.js:246:9] Animal::list 호출됨.
2025-08-25 17:12:51.480 - DEBUG: [logger.js:246:9] POST /animal/v1/list requested
2025-08-25 17:12:51.481 - DEBUG: [logger.js:246:9] PARAMS -> {"page":1,"perPage":10}
2025-08-25 17:12:51.481 - DEBUG: [logger.js:246:9] SQL -> select count(*) as total
                from test.animal
2025-08-25 17:12:51.482 - DEBUG: [logger.js:246:9] SQL -> select id,type, name, age, mobile, path
              from test.animal  limit 0, 10 
2025-08-25 17:12:51.730 - DEBUG: [logger.js:246:9] Animal::remove 호출됨.
2025-08-25 17:12:51.731 - DEBUG: [logger.js:246:9] POST /animal/v1/remove requested
2025-08-25 17:12:51.731 - DEBUG: [logger.js:246:9] PARAMS -> {"id":13}
2025-08-25 17:12:51.742 - DEBUG: [logger.js:246:9] SQL -> delete from test.animal
              where id = '13' 
2025-08-25 17:12:51.745 - DEBUG: [logger.js:246:9] Animal::list 호출됨.
2025-08-25 17:12:51.745 - DEBUG: [logger.js:246:9] POST /animal/v1/list requested
2025-08-25 17:12:51.746 - DEBUG: [logger.js:246:9] PARAMS -> {"page":1,"perPage":10}
2025-08-25 17:12:51.747 - DEBUG: [logger.js:246:9] SQL -> select count(*) as total
                from test.animal
2025-08-25 17:12:51.748 - DEBUG: [logger.js:246:9] SQL -> select id,type, name, age, mobile, path
              from test.animal  limit 0, 10 
2025-08-25 17:12:53.251 - DEBUG: [logger.js:246:9] Animal::remove 호출됨.
2025-08-25 17:12:53.252 - DEBUG: [logger.js:246:9] POST /animal/v1/remove requested
2025-08-25 17:12:53.252 - DEBUG: [logger.js:246:9] PARAMS -> {"id":1}
2025-08-25 17:12:53.256 - DEBUG: [logger.js:246:9] SQL -> delete from test.animal
              where id = '1' 
2025-08-25 17:12:53.260 - DEBUG: [logger.js:246:9] Animal::list 호출됨.
2025-08-25 17:12:53.260 - DEBUG: [logger.js:246:9] POST /animal/v1/list requested
2025-08-25 17:12:53.260 - DEBUG: [logger.js:246:9] PARAMS -> {"page":1,"perPage":10}
2025-08-25 17:12:53.261 - DEBUG: [logger.js:246:9] SQL -> select count(*) as total
                from test.animal
2025-08-25 17:12:53.262 - DEBUG: [logger.js:246:9] SQL -> select id,type, name, age, mobile, path
              from test.animal  limit 0, 10 
2025-08-25 17:12:53.699 - DEBUG: [logger.js:246:9] Animal::remove 호출됨.
2025-08-25 17:12:53.700 - DEBUG: [logger.js:246:9] POST /animal/v1/remove requested
2025-08-25 17:12:53.700 - DEBUG: [logger.js:246:9] PARAMS -> {"id":9}
2025-08-25 17:12:53.702 - DEBUG: [logger.js:246:9] SQL -> delete from test.animal
              where id = '9' 
2025-08-25 17:12:53.704 - DEBUG: [logger.js:246:9] Animal::list 호출됨.
2025-08-25 17:12:53.704 - DEBUG: [logger.js:246:9] POST /animal/v1/list requested
2025-08-25 17:12:53.705 - DEBUG: [logger.js:246:9] PARAMS -> {"page":1,"perPage":10}
2025-08-25 17:12:53.705 - DEBUG: [logger.js:246:9] SQL -> select count(*) as total
                from test.animal
2025-08-25 17:12:53.706 - DEBUG: [logger.js:246:9] SQL -> select id,type, name, age, mobile, path
              from test.animal  limit 0, 10 
2025-08-25 17:12:55.474 - DEBUG: [logger.js:246:9] Animal::list 호출됨.
2025-08-25 17:12:55.475 - DEBUG: [logger.js:246:9] POST /animal/v1/list requested
2025-08-25 17:12:55.475 - DEBUG: [logger.js:246:9] PARAMS -> {"page":1,"perPage":10}
2025-08-25 17:12:55.477 - DEBUG: [logger.js:246:9] SQL -> select count(*) as total
                from test.animal
2025-08-25 17:12:55.478 - DEBUG: [logger.js:246:9] SQL -> select id,type, name, age, mobile, path
              from test.animal  limit 0, 10 
2025-08-25 17:13:31.581 - DEBUG: [logger.js:246:9] Animal::add 호출됨.
2025-08-25 17:13:31.581 - DEBUG: [logger.js:246:9] POST /animal/v1/add requested
2025-08-25 17:13:31.581 - DEBUG: [logger.js:246:9] PARAMS -> {"type":"dog","name":"강아지1","age":"1","mobile":"010-1000-1000","path":"/images/dog1.png"}
2025-08-25 17:13:31.591 - DEBUG: [logger.js:246:9] SQL -> insert into test.animal(type, name, age, mobile, path)
              values
                  ('dog', '강아지1', '1', '010-1000-1000', '/images/dog1.png')
2025-08-25 17:13:46.404 - DEBUG: [logger.js:246:9] Animal::add 호출됨.
2025-08-25 17:13:46.404 - DEBUG: [logger.js:246:9] POST /animal/v1/add requested
2025-08-25 17:13:46.405 - DEBUG: [logger.js:246:9] PARAMS -> {"type":"dog","name":"강아지2","age":"2","mobile":"010-2000-2000","path":"/images/dog2.jpg"}
2025-08-25 17:13:46.414 - DEBUG: [logger.js:246:9] SQL -> insert into test.animal(type, name, age, mobile, path)
              values
                  ('dog', '강아지2', '2', '010-2000-2000', '/images/dog2.jpg')
2025-08-25 17:14:00.036 - DEBUG: [logger.js:246:9] Animal::add 호출됨.
2025-08-25 17:14:00.036 - DEBUG: [logger.js:246:9] POST /animal/v1/add requested
2025-08-25 17:14:00.037 - DEBUG: [logger.js:246:9] PARAMS -> {"type":"caat","name":"고양이1","age":"3","mobile":"010-3000-3000","path":"/images/cat1.jpg"}
2025-08-25 17:14:00.040 - DEBUG: [logger.js:246:9] SQL -> insert into test.animal(type, name, age, mobile, path)
              values
                  ('caat', '고양이1', '3', '010-3000-3000', '/images/cat1.jpg')
2025-08-25 17:14:00.394 - DEBUG: [logger.js:246:9] Animal::add 호출됨.
2025-08-25 17:14:00.395 - DEBUG: [logger.js:246:9] POST /animal/v1/add requested
2025-08-25 17:14:00.395 - DEBUG: [logger.js:246:9] PARAMS -> {"type":"caat","name":"고양이1","age":"3","mobile":"010-3000-3000","path":"/images/cat1.jpg"}
2025-08-25 17:14:00.404 - DEBUG: [logger.js:246:9] SQL -> insert into test.animal(type, name, age, mobile, path)
              values
                  ('caat', '고양이1', '3', '010-3000-3000', '/images/cat1.jpg')
2025-08-25 17:14:07.147 - DEBUG: [logger.js:246:9] Animal::add 호출됨.
2025-08-25 17:14:07.148 - DEBUG: [logger.js:246:9] POST /animal/v1/add requested
2025-08-25 17:14:07.148 - DEBUG: [logger.js:246:9] PARAMS -> {"type":"caat","name":"고양이2","age":"4","mobile":"010-4000-4000","path":"/images/cat2.jpg"}
2025-08-25 17:14:07.157 - DEBUG: [logger.js:246:9] SQL -> insert into test.animal(type, name, age, mobile, path)
              values
                  ('caat', '고양이2', '4', '010-4000-4000', '/images/cat2.jpg')
2025-08-25 17:14:08.351 - DEBUG: [logger.js:246:9] Animal::list 호출됨.
2025-08-25 17:14:08.352 - DEBUG: [logger.js:246:9] POST /animal/v1/list requested
2025-08-25 17:14:08.352 - DEBUG: [logger.js:246:9] PARAMS -> {"page":1,"perPage":10}
2025-08-25 17:14:08.353 - DEBUG: [logger.js:246:9] SQL -> select count(*) as total
                from test.animal
2025-08-25 17:14:08.354 - DEBUG: [logger.js:246:9] SQL -> select id,type, name, age, mobile, path
              from test.animal  limit 0, 10 
2025-08-25 17:14:11.484 - DEBUG: [logger.js:246:9] Animal::remove 호출됨.
2025-08-25 17:14:11.484 - DEBUG: [logger.js:246:9] POST /animal/v1/remove requested
2025-08-25 17:14:11.484 - DEBUG: [logger.js:246:9] PARAMS -> {"id":27}
2025-08-25 17:14:11.493 - DEBUG: [logger.js:246:9] SQL -> delete from test.animal
              where id = '27' 
2025-08-25 17:14:11.496 - DEBUG: [logger.js:246:9] Animal::list 호출됨.
2025-08-25 17:14:11.496 - DEBUG: [logger.js:246:9] POST /animal/v1/list requested
2025-08-25 17:14:11.496 - DEBUG: [logger.js:246:9] PARAMS -> {"page":1,"perPage":10}
2025-08-25 17:14:11.497 - DEBUG: [logger.js:246:9] SQL -> select count(*) as total
                from test.animal
2025-08-25 17:14:11.498 - DEBUG: [logger.js:246:9] SQL -> select id,type, name, age, mobile, path
              from test.animal  limit 0, 10 
2025-08-25 17:14:56.520 - DEBUG: [logger.js:246:9] Animal::list 호출됨.
2025-08-25 17:14:56.521 - DEBUG: [logger.js:246:9] POST /animal/v1/list requested
2025-08-25 17:14:56.521 - DEBUG: [logger.js:246:9] PARAMS -> {"page":1,"perPage":10}
2025-08-25 17:14:56.522 - DEBUG: [logger.js:246:9] SQL -> select count(*) as total
                from test.animal
2025-08-25 17:14:56.523 - DEBUG: [logger.js:246:9] SQL -> select id,type, name, age, mobile, path
              from test.animal  limit 0, 10 
2025-08-25 17:35:24.101 - INFO: [logger.js:246:9] service loader called.
2025-08-25 17:35:24.114 - INFO: [logger.js:246:9] controller loader called.
2025-08-25 17:35:24.114 - DEBUG: [logger.js:246:9] external_loader called.
2025-08-25 17:35:24.114 - DEBUG: [logger.js:246:9] No external configuration.
2025-08-25 17:35:24.312 - INFO: [logger.js:246:9] Http Server started.
2025-08-25 17:35:24.313 - INFO: [logger.js:246:9] Base URL -> http://localhost:8001
2025-08-25 17:35:24.313 - INFO: [logger.js:246:9] Namespace -> ::_8001_14580
2025-08-25 17:35:24.317 - DEBUG: [logger.js:246:9] database SQL file loaded.
2025-08-25 17:36:16.356 - DEBUG: [logger.js:246:9] Animal::list 호출됨.
2025-08-25 17:36:16.357 - DEBUG: [logger.js:246:9] POST /animal/v1/list requested
2025-08-25 17:36:16.357 - DEBUG: [logger.js:246:9] PARAMS -> {"page":1,"perPage":10}
2025-08-25 17:36:16.383 - DEBUG: [logger.js:246:9] SQL -> select count(*) as total
                from test.animal
2025-08-25 17:36:16.386 - DEBUG: [logger.js:246:9] SQL -> select id,type, name, age, mobile, path
              from test.animal  limit 0, 10 
2025-08-25 17:36:58.964 - DEBUG: [logger.js:246:9] Animal::list 호출됨.
2025-08-25 17:36:58.966 - DEBUG: [logger.js:246:9] POST /animal/v1/list requested
2025-08-25 17:36:58.969 - DEBUG: [logger.js:246:9] PARAMS -> {"page":1,"perPage":5}
2025-08-25 17:36:58.971 - DEBUG: [logger.js:246:9] SQL -> select count(*) as total
                from test.animal
2025-08-25 17:36:58.972 - DEBUG: [logger.js:246:9] SQL -> select id,type, name, age, mobile, path
              from test.animal  limit 0, 5 
2025-08-25 17:37:02.363 - DEBUG: [logger.js:246:9] Animal::list 호출됨.
2025-08-25 17:37:02.364 - DEBUG: [logger.js:246:9] POST /animal/v1/list requested
2025-08-25 17:37:02.369 - DEBUG: [logger.js:246:9] PARAMS -> {"page":1,"perPage":1}
2025-08-25 17:37:02.375 - DEBUG: [logger.js:246:9] SQL -> select count(*) as total
                from test.animal
2025-08-25 17:37:02.377 - DEBUG: [logger.js:246:9] SQL -> select id,type, name, age, mobile, path
              from test.animal  limit 0, 1 
2025-08-25 17:37:04.172 - DEBUG: [logger.js:246:9] Animal::list 호출됨.
2025-08-25 17:37:04.173 - DEBUG: [logger.js:246:9] POST /animal/v1/list requested
2025-08-25 17:37:04.173 - DEBUG: [logger.js:246:9] PARAMS -> {"page":2,"perPage":1}
2025-08-25 17:37:04.175 - DEBUG: [logger.js:246:9] SQL -> select count(*) as total
                from test.animal
2025-08-25 17:37:04.176 - DEBUG: [logger.js:246:9] SQL -> select id,type, name, age, mobile, path
              from test.animal  limit 1, 1 
2025-08-25 17:37:05.147 - DEBUG: [logger.js:246:9] Animal::list 호출됨.
2025-08-25 17:37:05.147 - DEBUG: [logger.js:246:9] POST /animal/v1/list requested
2025-08-25 17:37:05.148 - DEBUG: [logger.js:246:9] PARAMS -> {"page":3,"perPage":1}
2025-08-25 17:37:05.149 - DEBUG: [logger.js:246:9] SQL -> select count(*) as total
                from test.animal
2025-08-25 17:37:05.152 - DEBUG: [logger.js:246:9] SQL -> select id,type, name, age, mobile, path
              from test.animal  limit 2, 1 
2025-08-25 17:37:05.851 - DEBUG: [logger.js:246:9] Animal::list 호출됨.
2025-08-25 17:37:05.851 - DEBUG: [logger.js:246:9] POST /animal/v1/list requested
2025-08-25 17:37:05.852 - DEBUG: [logger.js:246:9] PARAMS -> {"page":4,"perPage":1}
2025-08-25 17:37:05.853 - DEBUG: [logger.js:246:9] SQL -> select count(*) as total
                from test.animal
2025-08-25 17:37:05.856 - DEBUG: [logger.js:246:9] SQL -> select id,type, name, age, mobile, path
              from test.animal  limit 3, 1 
2025-08-25 17:37:08.355 - DEBUG: [logger.js:246:9] Animal::list 호출됨.
2025-08-25 17:37:08.356 - DEBUG: [logger.js:246:9] POST /animal/v1/list requested
2025-08-25 17:37:08.356 - DEBUG: [logger.js:246:9] PARAMS -> {"page":3,"perPage":1}
2025-08-25 17:37:08.358 - DEBUG: [logger.js:246:9] SQL -> select count(*) as total
                from test.animal
2025-08-25 17:37:08.359 - DEBUG: [logger.js:246:9] SQL -> select id,type, name, age, mobile, path
              from test.animal  limit 2, 1 
2025-08-25 17:37:09.347 - DEBUG: [logger.js:246:9] Animal::list 호출됨.
2025-08-25 17:37:09.348 - DEBUG: [logger.js:246:9] POST /animal/v1/list requested
2025-08-25 17:37:09.348 - DEBUG: [logger.js:246:9] PARAMS -> {"page":2,"perPage":1}
2025-08-25 17:37:09.350 - DEBUG: [logger.js:246:9] SQL -> select count(*) as total
                from test.animal
2025-08-25 17:37:09.352 - DEBUG: [logger.js:246:9] SQL -> select id,type, name, age, mobile, path
              from test.animal  limit 1, 1 
2025-08-25 17:37:09.755 - DEBUG: [logger.js:246:9] Animal::list 호출됨.
2025-08-25 17:37:09.755 - DEBUG: [logger.js:246:9] POST /animal/v1/list requested
2025-08-25 17:37:09.756 - DEBUG: [logger.js:246:9] PARAMS -> {"page":1,"perPage":1}
2025-08-25 17:37:09.758 - DEBUG: [logger.js:246:9] SQL -> select count(*) as total
                from test.animal
2025-08-25 17:37:09.760 - DEBUG: [logger.js:246:9] SQL -> select id,type, name, age, mobile, path
              from test.animal  limit 0, 1 
